
**** Clean-only build of configuration Debug for project empty_CC2650STK_TI ****

"C:\\ti\\ccs1040\\ccs\\utils\\bin\\gmake" -k -j 8 clean -O 
 
DEL /F  "empty_CC2650STK_TI.hex"  "configPkg\linker.cmd" "configPkg\compiler.opt"  "empty_CC2650STK_TI.out" 
DEL /F "CC2650STK.obj" "ccfg.obj" "project_main.obj" "sensors\bmp280.obj" "sensors\hdc1000.obj" "sensors\mpu9250.obj" "sensors\opt3001.obj" "sensors\tmp007.obj" "wireless\CWC_CC2650_154Drv.obj" "wireless\CWC_IntegrTest.obj" "wireless\ERRORS.obj" "wireless\comm_lib.obj" 
DEL /F "CC2650STK.d" "ccfg.d" "project_main.d" "sensors\bmp280.d" "sensors\hdc1000.d" "sensors\mpu9250.d" "sensors\opt3001.d" "sensors\tmp007.d" "wireless\CWC_CC2650_154Drv.d" "wireless\CWC_IntegrTest.d" "wireless\ERRORS.d" "wireless\comm_lib.d" 
RMDIR /S/Q  "configPkg\" 
Could Not Find C:\Users\tomi_\workspace_v10\empty_CC2650STK_TI\Debug\empty_CC2650STK_TI.hex
Finished clean
 

**** Build Finished ****

**** Build of configuration Debug for project empty_CC2650STK_TI ****

"C:\\ti\\ccs1040\\ccs\\utils\\bin\\gmake" -k -j 8 all -O 
 
Building file: "../empty.cfg"
Invoking: XDCtools
"C:/ti/xdctools_3_32_00_06_core/xs" --xdcpath="C:/ti/tirtos_cc13xx_cc26xx_2_21_00_06/packages;C:/ti/tirtos_cc13xx_cc26xx_2_21_00_06/products/tidrivers_cc13xx_cc26xx_2_21_00_04/packages;C:/ti/tirtos_cc13xx_cc26xx_2_21_00_06/products/bios_6_46_01_37/packages;C:/ti/tirtos_cc13xx_cc26xx_2_21_00_06/products/uia_2_01_00_01/packages;" xdc.tools.configuro -o configPkg -t ti.targets.arm.elf.M3 -p ti.platforms.simplelink:CC2650F128 -r release -c "C:/ti/ccs1040/ccs/tools/compiler/ti-cgt-arm_20.2.5.LTS" --compileOptions "-mv7M3 --code_state=16 --float_support=none -me --include_path=\"C:/Users/tomi_/workspace_v10/empty_CC2650STK_TI\" --include_path=\"C:/Users/tomi_/workspace_v10/empty_CC2650STK_TI\" --include_path=\"C:/ti/tirtos_cc13xx_cc26xx_2_21_00_06/products/cc26xxware_2_24_03_17272\" --include_path=\"C:/ti/ccs1040/ccs/tools/compiler/ti-cgt-arm_20.2.5.LTS/include\" --define=ccs -g --diag_warning=225 --diag_warning=255 --diag_wrap=off --display_error_number --gen_func_subsections=on --abi=eabi  " "../empty.cfg"
making package.mak (because of package.bld) ...
generating interfaces for package configPkg (because package/package.xdc.inc is older than package.xdc) ...
configuring empty.xem3 from package/cfg/empty_pem3.cfg ...
generating custom ROM library makefile ... 
Starting build of library sources ...
making C:/Users/tomi_/workspace_v10/empty_CC2650STK_TI/src/sysbios/rom_sysbios.aem3 ...
gmake[1]: Entering directory `C:/Users/tomi_/workspace_v10/empty_CC2650STK_TI/src/sysbios'
clem3 C:/ti/tirtos_cc13xx_cc26xx_2_21_00_06/products/bios_6_46_01_37/packages/ti/sysbios/BIOS.c ...
asmem3 C:/ti/tirtos_cc13xx_cc26xx_2_21_00_06/products/bios_6_46_01_37/packages/ti/sysbios/family/arm/m3/Hwi_asm.sv7M ...
asmem3 C:/ti/tirtos_cc13xx_cc26xx_2_21_00_06/products/bios_6_46_01_37/packages/ti/sysbios/family/arm/m3/Hwi_asm_switch.sv7M ...
asmem3 C:/ti/tirtos_cc13xx_cc26xx_2_21_00_06/products/bios_6_46_01_37/packages/ti/sysbios/family/arm/m3/IntrinsicsSupport_asm.sv7M ...
asmem3 C:/ti/tirtos_cc13xx_cc26xx_2_21_00_06/products/bios_6_46_01_37/packages/ti/sysbios/family/arm/m3/TaskSupport_asm.sv7M ...
arem3 rom_sysbios.obj m3_Hwi_asm.obj m3_Hwi_asm_switch.obj m3_IntrinsicsSupport_asm.obj m3_TaskSupport_asm.obj ...
gmake[1]: Leaving directory `C:/Users/tomi_/workspace_v10/empty_CC2650STK_TI/src/sysbios'
Build of libraries done.
clem3 package/cfg/empty_pem3.c ...
"package/cfg/empty_pem3.c", line 7971: warning #112-D: statement is unreachable
Finished building: "../empty.cfg"
 
        1 file(s) copied.
making ../src/sysbios/rom_sysbios.aem3 ...
gmake[1]: Nothing to be done for 'all'.
Building file: "../project_main.c"
Invoking: Arm Compiler
"C:/ti/ccs1040/ccs/tools/compiler/ti-cgt-arm_20.2.5.LTS/bin/armcl" -mv7M3 --code_state=16 --float_support=none -me --include_path="C:/Users/tomi_/workspace_v10/empty_CC2650STK_TI" --include_path="C:/Users/tomi_/workspace_v10/empty_CC2650STK_TI" --include_path="C:/ti/tirtos_cc13xx_cc26xx_2_21_00_06/products/cc26xxware_2_24_03_17272" --include_path="C:/ti/ccs1040/ccs/tools/compiler/ti-cgt-arm_20.2.5.LTS/include" --define=ccs -g --diag_warning=225 --diag_warning=255 --diag_wrap=off --display_error_number --gen_func_subsections=on --abi=eabi --preproc_with_compile --preproc_dependency="project_main.d_raw" --cmd_file="configPkg/compiler.opt"  "../project_main.c"
 
>> Compilation failure
subdir_rules.mk:9: recipe for target 'project_main.obj' failed
"../project_main.c", line 123: error #167: too few arguments in function call
"../project_main.c", line 131: error #167: too few arguments in function call
"../project_main.c", line 134: error #20: identifier "debug_msg" is undefined
"../project_main.c", line 134: error #20: identifier "lux" is undefined
"../project_main.c", line 134: warning #227-D: the format string ends before this argument
"../project_main.c", line 168: warning #225-D: function "Init6LoWPAN" declared implicitly
"../project_main.c", line 231: warning #1-D: last line of file ends without a newline
4 errors detected in the compilation of "../project_main.c".
gmake: *** [project_main.obj] Error 1
Building file: "../ccfg.c"
Invoking: Arm Compiler
"C:/ti/ccs1040/ccs/tools/compiler/ti-cgt-arm_20.2.5.LTS/bin/armcl" -mv7M3 --code_state=16 --float_support=none -me --include_path="C:/Users/tomi_/workspace_v10/empty_CC2650STK_TI" --include_path="C:/Users/tomi_/workspace_v10/empty_CC2650STK_TI" --include_path="C:/ti/tirtos_cc13xx_cc26xx_2_21_00_06/products/cc26xxware_2_24_03_17272" --include_path="C:/ti/ccs1040/ccs/tools/compiler/ti-cgt-arm_20.2.5.LTS/include" --define=ccs -g --diag_warning=225 --diag_warning=255 --diag_wrap=off --display_error_number --gen_func_subsections=on --abi=eabi --preproc_with_compile --preproc_dependency="ccfg.d_raw" --cmd_file="configPkg/compiler.opt"  "../ccfg.c"
Finished building: "../ccfg.c"
 
Building file: "../CC2650STK.c"
Invoking: Arm Compiler
"C:/ti/ccs1040/ccs/tools/compiler/ti-cgt-arm_20.2.5.LTS/bin/armcl" -mv7M3 --code_state=16 --float_support=none -me --include_path="C:/Users/tomi_/workspace_v10/empty_CC2650STK_TI" --include_path="C:/Users/tomi_/workspace_v10/empty_CC2650STK_TI" --include_path="C:/ti/tirtos_cc13xx_cc26xx_2_21_00_06/products/cc26xxware_2_24_03_17272" --include_path="C:/ti/ccs1040/ccs/tools/compiler/ti-cgt-arm_20.2.5.LTS/include" --define=ccs -g --diag_warning=225 --diag_warning=255 --diag_wrap=off --display_error_number --gen_func_subsections=on --abi=eabi --preproc_with_compile --preproc_dependency="CC2650STK.d_raw" --cmd_file="configPkg/compiler.opt"  "../CC2650STK.c"
Finished building: "../CC2650STK.c"
 
Building file: "../sensors/bmp280.c"
Invoking: Arm Compiler
"C:/ti/ccs1040/ccs/tools/compiler/ti-cgt-arm_20.2.5.LTS/bin/armcl" -mv7M3 --code_state=16 --float_support=none -me --include_path="C:/Users/tomi_/workspace_v10/empty_CC2650STK_TI" --include_path="C:/Users/tomi_/workspace_v10/empty_CC2650STK_TI" --include_path="C:/ti/tirtos_cc13xx_cc26xx_2_21_00_06/products/cc26xxware_2_24_03_17272" --include_path="C:/ti/ccs1040/ccs/tools/compiler/ti-cgt-arm_20.2.5.LTS/include" --define=ccs -g --diag_warning=225 --diag_warning=255 --diag_wrap=off --display_error_number --gen_func_subsections=on --abi=eabi --preproc_with_compile --preproc_dependency="sensors/bmp280.d_raw" --obj_directory="sensors" --cmd_file="configPkg/compiler.opt"  "../sensors/bmp280.c"
Finished building: "../sensors/bmp280.c"
 
Building file: "../sensors/hdc1000.c"
Invoking: Arm Compiler
"C:/ti/ccs1040/ccs/tools/compiler/ti-cgt-arm_20.2.5.LTS/bin/armcl" -mv7M3 --code_state=16 --float_support=none -me --include_path="C:/Users/tomi_/workspace_v10/empty_CC2650STK_TI" --include_path="C:/Users/tomi_/workspace_v10/empty_CC2650STK_TI" --include_path="C:/ti/tirtos_cc13xx_cc26xx_2_21_00_06/products/cc26xxware_2_24_03_17272" --include_path="C:/ti/ccs1040/ccs/tools/compiler/ti-cgt-arm_20.2.5.LTS/include" --define=ccs -g --diag_warning=225 --diag_warning=255 --diag_wrap=off --display_error_number --gen_func_subsections=on --abi=eabi --preproc_with_compile --preproc_dependency="sensors/hdc1000.d_raw" --obj_directory="sensors" --cmd_file="configPkg/compiler.opt"  "../sensors/hdc1000.c"
Finished building: "../sensors/hdc1000.c"
 
Building file: "../sensors/opt3001.c"
Invoking: Arm Compiler
"C:/ti/ccs1040/ccs/tools/compiler/ti-cgt-arm_20.2.5.LTS/bin/armcl" -mv7M3 --code_state=16 --float_support=none -me --include_path="C:/Users/tomi_/workspace_v10/empty_CC2650STK_TI" --include_path="C:/Users/tomi_/workspace_v10/empty_CC2650STK_TI" --include_path="C:/ti/tirtos_cc13xx_cc26xx_2_21_00_06/products/cc26xxware_2_24_03_17272" --include_path="C:/ti/ccs1040/ccs/tools/compiler/ti-cgt-arm_20.2.5.LTS/include" --define=ccs -g --diag_warning=225 --diag_warning=255 --diag_wrap=off --display_error_number --gen_func_subsections=on --abi=eabi --preproc_with_compile --preproc_dependency="sensors/opt3001.d_raw" --obj_directory="sensors" --cmd_file="configPkg/compiler.opt"  "../sensors/opt3001.c"
 
>> Compilation failure
sensors/subdir_rules.mk:9: recipe for target 'sensors/opt3001.obj' failed
"../sensors/opt3001.c", line 79: error #31: expression must have integral type
"../sensors/opt3001.c", line 80: error #31: expression must have integral type
"../sensors/opt3001.c", line 109: error #20: identifier "lux" is undefined
"../sensors/opt3001.c", line 83: warning #179-D: variable "txBuffer" was declared but never referenced
"../sensors/opt3001.c", line 84: warning #179-D: variable "rxBuffer" was declared but never referenced
3 errors detected in the compilation of "../sensors/opt3001.c".
gmake: *** [sensors/opt3001.obj] Error 1
Building file: "../sensors/tmp007.c"
Invoking: Arm Compiler
"C:/ti/ccs1040/ccs/tools/compiler/ti-cgt-arm_20.2.5.LTS/bin/armcl" -mv7M3 --code_state=16 --float_support=none -me --include_path="C:/Users/tomi_/workspace_v10/empty_CC2650STK_TI" --include_path="C:/Users/tomi_/workspace_v10/empty_CC2650STK_TI" --include_path="C:/ti/tirtos_cc13xx_cc26xx_2_21_00_06/products/cc26xxware_2_24_03_17272" --include_path="C:/ti/ccs1040/ccs/tools/compiler/ti-cgt-arm_20.2.5.LTS/include" --define=ccs -g --diag_warning=225 --diag_warning=255 --diag_wrap=off --display_error_number --gen_func_subsections=on --abi=eabi --preproc_with_compile --preproc_dependency="sensors/tmp007.d_raw" --obj_directory="sensors" --cmd_file="configPkg/compiler.opt"  "../sensors/tmp007.c"
Finished building: "../sensors/tmp007.c"
 
Building file: "../wireless/ERRORS.c"
Invoking: Arm Compiler
"C:/ti/ccs1040/ccs/tools/compiler/ti-cgt-arm_20.2.5.LTS/bin/armcl" -mv7M3 --code_state=16 --float_support=none -me --include_path="C:/Users/tomi_/workspace_v10/empty_CC2650STK_TI" --include_path="C:/Users/tomi_/workspace_v10/empty_CC2650STK_TI" --include_path="C:/ti/tirtos_cc13xx_cc26xx_2_21_00_06/products/cc26xxware_2_24_03_17272" --include_path="C:/ti/ccs1040/ccs/tools/compiler/ti-cgt-arm_20.2.5.LTS/include" --define=ccs -g --diag_warning=225 --diag_warning=255 --diag_wrap=off --display_error_number --gen_func_subsections=on --abi=eabi --preproc_with_compile --preproc_dependency="wireless/ERRORS.d_raw" --obj_directory="wireless" --cmd_file="configPkg/compiler.opt"  "../wireless/ERRORS.c"
Finished building: "../wireless/ERRORS.c"
 
Building file: "../sensors/mpu9250.c"
Invoking: Arm Compiler
"C:/ti/ccs1040/ccs/tools/compiler/ti-cgt-arm_20.2.5.LTS/bin/armcl" -mv7M3 --code_state=16 --float_support=none -me --include_path="C:/Users/tomi_/workspace_v10/empty_CC2650STK_TI" --include_path="C:/Users/tomi_/workspace_v10/empty_CC2650STK_TI" --include_path="C:/ti/tirtos_cc13xx_cc26xx_2_21_00_06/products/cc26xxware_2_24_03_17272" --include_path="C:/ti/ccs1040/ccs/tools/compiler/ti-cgt-arm_20.2.5.LTS/include" --define=ccs -g --diag_warning=225 --diag_warning=255 --diag_wrap=off --display_error_number --gen_func_subsections=on --abi=eabi --preproc_with_compile --preproc_dependency="sensors/mpu9250.d_raw" --obj_directory="sensors" --cmd_file="configPkg/compiler.opt"  "../sensors/mpu9250.c"
Finished building: "../sensors/mpu9250.c"
 
Building file: "../wireless/CWC_CC2650_154Drv.c"
Invoking: Arm Compiler
"C:/ti/ccs1040/ccs/tools/compiler/ti-cgt-arm_20.2.5.LTS/bin/armcl" -mv7M3 --code_state=16 --float_support=none -me --include_path="C:/Users/tomi_/workspace_v10/empty_CC2650STK_TI" --include_path="C:/Users/tomi_/workspace_v10/empty_CC2650STK_TI" --include_path="C:/ti/tirtos_cc13xx_cc26xx_2_21_00_06/products/cc26xxware_2_24_03_17272" --include_path="C:/ti/ccs1040/ccs/tools/compiler/ti-cgt-arm_20.2.5.LTS/include" --define=ccs -g --diag_warning=225 --diag_warning=255 --diag_wrap=off --display_error_number --gen_func_subsections=on --abi=eabi --preproc_with_compile --preproc_dependency="wireless/CWC_CC2650_154Drv.d_raw" --obj_directory="wireless" --cmd_file="configPkg/compiler.opt"  "../wireless/CWC_CC2650_154Drv.c"
"../wireless/CWC_CC2650_154Drv.c", line 439: warning #515-D: a value of type "CWC_CC2650_IEEE154_simple_packet_struct_t *" cannot be assigned to an entity of type "uint8_t *"
"../wireless/CWC_CC2650_154Drv.c", line 447: warning #112-D: statement is unreachable
"../wireless/CWC_CC2650_154Drv.c", line 451: warning #112-D: statement is unreachable
Finished building: "../wireless/CWC_CC2650_154Drv.c"
 
Building file: "../wireless/CWC_IntegrTest.c"
Invoking: Arm Compiler
"C:/ti/ccs1040/ccs/tools/compiler/ti-cgt-arm_20.2.5.LTS/bin/armcl" -mv7M3 --code_state=16 --float_support=none -me --include_path="C:/Users/tomi_/workspace_v10/empty_CC2650STK_TI" --include_path="C:/Users/tomi_/workspace_v10/empty_CC2650STK_TI" --include_path="C:/ti/tirtos_cc13xx_cc26xx_2_21_00_06/products/cc26xxware_2_24_03_17272" --include_path="C:/ti/ccs1040/ccs/tools/compiler/ti-cgt-arm_20.2.5.LTS/include" --define=ccs -g --diag_warning=225 --diag_warning=255 --diag_wrap=off --display_error_number --gen_func_subsections=on --abi=eabi --preproc_with_compile --preproc_dependency="wireless/CWC_IntegrTest.d_raw" --obj_directory="wireless" --cmd_file="configPkg/compiler.opt"  "../wireless/CWC_IntegrTest.c"
"../wireless/CWC_IntegrTest.c", line 59: warning #112-D: statement is unreachable
Finished building: "../wireless/CWC_IntegrTest.c"
 
Building file: "../wireless/comm_lib.c"
Invoking: Arm Compiler
"C:/ti/ccs1040/ccs/tools/compiler/ti-cgt-arm_20.2.5.LTS/bin/armcl" -mv7M3 --code_state=16 --float_support=none -me --include_path="C:/Users/tomi_/workspace_v10/empty_CC2650STK_TI" --include_path="C:/Users/tomi_/workspace_v10/empty_CC2650STK_TI" --include_path="C:/ti/tirtos_cc13xx_cc26xx_2_21_00_06/products/cc26xxware_2_24_03_17272" --include_path="C:/ti/ccs1040/ccs/tools/compiler/ti-cgt-arm_20.2.5.LTS/include" --define=ccs -g --diag_warning=225 --diag_warning=255 --diag_wrap=off --display_error_number --gen_func_subsections=on --abi=eabi --preproc_with_compile --preproc_dependency="wireless/comm_lib.d_raw" --obj_directory="wireless" --cmd_file="configPkg/compiler.opt"  "../wireless/comm_lib.c"
"../wireless/comm_lib.c", line 141: warning #169-D: argument of type "volatile uint8_t *" is incompatible with parameter of type "uint8_t *"
"../wireless/comm_lib.c", line 150: warning #515-D: a value of type "uint8_t *" cannot be assigned to an entity of type "int8_t"
"../wireless/comm_lib.c", line 158: warning #515-D: a value of type "void *" cannot be assigned to an entity of type "int32_t"
"../wireless/comm_lib.c", line 161: warning #169-D: argument of type "volatile uint8_t *" is incompatible with parameter of type "uint8_t *"
"../wireless/comm_lib.c", line 195: warning #515-D: a value of type "uint8_t *" cannot be assigned to an entity of type "rfc_dataEntryGeneral_t *"
"../wireless/comm_lib.c", line 196: warning #515-D: a value of type "uint8_t *" cannot be assigned to an entity of type "rfc_dataEntryGeneral_t *"
"../wireless/comm_lib.c", line 197: warning #169-D: argument of type "rfc_dataEntryGeneral_t *" is incompatible with parameter of type "uint8_t *"
"../wireless/comm_lib.c", line 199: warning #515-D: a value of type "rfc_dataEntryGeneral_t *" cannot be assigned to an entity of type "volatile uint8_t *"
"../wireless/comm_lib.c", line 210: warning #515-D: a value of type "uint8_t *" cannot be assigned to an entity of type "rfc_dataEntryGeneral_t *"
"../wireless/comm_lib.c", line 211: warning #515-D: a value of type "uint8_t *" cannot be assigned to an entity of type "rfc_dataEntryGeneral_t *"
"../wireless/comm_lib.c", line 212: warning #169-D: argument of type "rfc_dataEntryGeneral_t *" is incompatible with parameter of type "uint8_t *"
"../wireless/comm_lib.c", line 214: warning #515-D: a value of type "rfc_dataEntryGeneral_t *" cannot be assigned to an entity of type "volatile uint8_t *"
"../wireless/comm_lib.c", line 246: warning #515-D: a value of type "uint8_t *" cannot be assigned to an entity of type "CWC_CC2650_IEEE154_simple_packet_struct_t *"
"../wireless/comm_lib.c", line 248: warning #515-D: a value of type "uint8_t *" cannot be assigned to an entity of type "uint16_t *"
"../wireless/comm_lib.c", line 275: warning #515-D: a value of type "uint8_t *" cannot be assigned to an entity of type "rfc_dataEntryGeneral_t *"
Finished building: "../wireless/comm_lib.c"
 
gmake: Target 'all' not remade because of errors.

**** Build Finished ****

**** Build of configuration Debug for project empty_CC2650STK_TI ****

"C:\\ti\\ccs1040\\ccs\\utils\\bin\\gmake" -k -j 8 all -O 
 
making ../src/sysbios/rom_sysbios.aem3 ...
gmake[1]: Nothing to be done for 'all'.
Building file: "../sensors/opt3001.c"
Invoking: Arm Compiler
"C:/ti/ccs1040/ccs/tools/compiler/ti-cgt-arm_20.2.5.LTS/bin/armcl" -mv7M3 --code_state=16 --float_support=none -me --include_path="C:/Users/tomi_/workspace_v10/empty_CC2650STK_TI" --include_path="C:/Users/tomi_/workspace_v10/empty_CC2650STK_TI" --include_path="C:/ti/tirtos_cc13xx_cc26xx_2_21_00_06/products/cc26xxware_2_24_03_17272" --include_path="C:/ti/ccs1040/ccs/tools/compiler/ti-cgt-arm_20.2.5.LTS/include" --define=ccs -g --diag_warning=225 --diag_warning=255 --diag_wrap=off --display_error_number --gen_func_subsections=on --abi=eabi --preproc_with_compile --preproc_dependency="sensors/opt3001.d_raw" --obj_directory="sensors" --cmd_file="configPkg/compiler.opt"  "../sensors/opt3001.c"
 
>> Compilation failure
sensors/subdir_rules.mk:9: recipe for target 'sensors/opt3001.obj' failed
"../sensors/opt3001.c", line 79: error #31: expression must have integral type
"../sensors/opt3001.c", line 80: error #31: expression must have integral type
"../sensors/opt3001.c", line 109: error #20: identifier "lux" is undefined
"../sensors/opt3001.c", line 83: warning #179-D: variable "txBuffer" was declared but never referenced
"../sensors/opt3001.c", line 84: warning #179-D: variable "rxBuffer" was declared but never referenced
3 errors detected in the compilation of "../sensors/opt3001.c".
gmake: *** [sensors/opt3001.obj] Error 1
Building file: "../project_main.c"
Invoking: Arm Compiler
"C:/ti/ccs1040/ccs/tools/compiler/ti-cgt-arm_20.2.5.LTS/bin/armcl" -mv7M3 --code_state=16 --float_support=none -me --include_path="C:/Users/tomi_/workspace_v10/empty_CC2650STK_TI" --include_path="C:/Users/tomi_/workspace_v10/empty_CC2650STK_TI" --include_path="C:/ti/tirtos_cc13xx_cc26xx_2_21_00_06/products/cc26xxware_2_24_03_17272" --include_path="C:/ti/ccs1040/ccs/tools/compiler/ti-cgt-arm_20.2.5.LTS/include" --define=ccs -g --diag_warning=225 --diag_warning=255 --diag_wrap=off --display_error_number --gen_func_subsections=on --abi=eabi --preproc_with_compile --preproc_dependency="project_main.d_raw" --cmd_file="configPkg/compiler.opt"  "../project_main.c"
 
>> Compilation failure
subdir_rules.mk:9: recipe for target 'project_main.obj' failed
"../project_main.c", line 126: error #167: too few arguments in function call
"../project_main.c", line 134: error #20: identifier "i2cMessage" is undefined
"../project_main.c", line 175: warning #225-D: function "Init6LoWPAN" declared implicitly
2 errors detected in the compilation of "../project_main.c".
gmake: *** [project_main.obj] Error 1
gmake: Target 'all' not remade because of errors.

**** Build Finished ****

**** Build of configuration Debug for project empty_CC2650STK_TI ****

"C:\\ti\\ccs1040\\ccs\\utils\\bin\\gmake" -k -j 8 all -O 
 
making ../src/sysbios/rom_sysbios.aem3 ...
gmake[1]: Nothing to be done for 'all'.
Building file: "../sensors/opt3001.c"
Invoking: Arm Compiler
"C:/ti/ccs1040/ccs/tools/compiler/ti-cgt-arm_20.2.5.LTS/bin/armcl" -mv7M3 --code_state=16 --float_support=none -me --include_path="C:/Users/tomi_/workspace_v10/empty_CC2650STK_TI" --include_path="C:/Users/tomi_/workspace_v10/empty_CC2650STK_TI" --include_path="C:/ti/tirtos_cc13xx_cc26xx_2_21_00_06/products/cc26xxware_2_24_03_17272" --include_path="C:/ti/ccs1040/ccs/tools/compiler/ti-cgt-arm_20.2.5.LTS/include" --define=ccs -g --diag_warning=225 --diag_warning=255 --diag_wrap=off --display_error_number --gen_func_subsections=on --abi=eabi --preproc_with_compile --preproc_dependency="sensors/opt3001.d_raw" --obj_directory="sensors" --cmd_file="configPkg/compiler.opt"  "../sensors/opt3001.c"
 
>> Compilation failure
sensors/subdir_rules.mk:9: recipe for target 'sensors/opt3001.obj' failed
"../sensors/opt3001.c", line 77: error #102: "maskiE" has already been declared in the current scope
"../sensors/opt3001.c", line 78: error #102: "maskiR" has already been declared in the current scope
"../sensors/opt3001.c", line 79: error #102: "ryhmaE" has already been declared in the current scope
"../sensors/opt3001.c", line 79: error #31: expression must have integral type
"../sensors/opt3001.c", line 80: error #102: "ryhmaR" has already been declared in the current scope
"../sensors/opt3001.c", line 80: error #31: expression must have integral type
"../sensors/opt3001.c", line 109: error #20: identifier "lux" is undefined
"../sensors/opt3001.c", line 75: warning #179-D: variable "maskiE" was declared but never referenced
"../sensors/opt3001.c", line 75: warning #179-D: variable "maskiR" was declared but never referenced
"../sensors/opt3001.c", line 75: warning #179-D: variable "ryhmaE" was declared but never referenced
"../sensors/opt3001.c", line 75: warning #179-D: variable "ryhmaR" was declared but never referenced
"../sensors/opt3001.c", line 83: warning #179-D: variable "txBuffer" was declared but never referenced
"../sensors/opt3001.c", line 84: warning #179-D: variable "rxBuffer" was declared but never referenced
7 errors detected in the compilation of "../sensors/opt3001.c".
gmake: *** [sensors/opt3001.obj] Error 1
Building file: "../project_main.c"
Invoking: Arm Compiler
"C:/ti/ccs1040/ccs/tools/compiler/ti-cgt-arm_20.2.5.LTS/bin/armcl" -mv7M3 --code_state=16 --float_support=none -me --include_path="C:/Users/tomi_/workspace_v10/empty_CC2650STK_TI" --include_path="C:/Users/tomi_/workspace_v10/empty_CC2650STK_TI" --include_path="C:/ti/tirtos_cc13xx_cc26xx_2_21_00_06/products/cc26xxware_2_24_03_17272" --include_path="C:/ti/ccs1040/ccs/tools/compiler/ti-cgt-arm_20.2.5.LTS/include" --define=ccs -g --diag_warning=225 --diag_warning=255 --diag_wrap=off --display_error_number --gen_func_subsections=on --abi=eabi --preproc_with_compile --preproc_dependency="project_main.d_raw" --cmd_file="configPkg/compiler.opt"  "../project_main.c"
 
>> Compilation failure
subdir_rules.mk:9: recipe for target 'project_main.obj' failed
"../project_main.c", line 127: error #167: too few arguments in function call
"../project_main.c", line 176: warning #225-D: function "Init6LoWPAN" declared implicitly
1 error detected in the compilation of "../project_main.c".
gmake: *** [project_main.obj] Error 1
gmake: Target 'all' not remade because of errors.

**** Build Finished ****

**** Build of configuration Debug for project empty_CC2650STK_TI ****

"C:\\ti\\ccs1040\\ccs\\utils\\bin\\gmake" -k -j 8 all -O 
 
making ../src/sysbios/rom_sysbios.aem3 ...
gmake[1]: Nothing to be done for 'all'.
Building file: "../sensors/opt3001.c"
Invoking: Arm Compiler
"C:/ti/ccs1040/ccs/tools/compiler/ti-cgt-arm_20.2.5.LTS/bin/armcl" -mv7M3 --code_state=16 --float_support=none -me --include_path="C:/Users/tomi_/workspace_v10/empty_CC2650STK_TI" --include_path="C:/Users/tomi_/workspace_v10/empty_CC2650STK_TI" --include_path="C:/ti/tirtos_cc13xx_cc26xx_2_21_00_06/products/cc26xxware_2_24_03_17272" --include_path="C:/ti/ccs1040/ccs/tools/compiler/ti-cgt-arm_20.2.5.LTS/include" --define=ccs -g --diag_warning=225 --diag_warning=255 --diag_wrap=off --display_error_number --gen_func_subsections=on --abi=eabi --preproc_with_compile --preproc_dependency="sensors/opt3001.d_raw" --obj_directory="sensors" --cmd_file="configPkg/compiler.opt"  "../sensors/opt3001.c"
 
>> Compilation failure
sensors/subdir_rules.mk:9: recipe for target 'sensors/opt3001.obj' failed
"../sensors/opt3001.c", line 77: error #102: "maskiE" has already been declared in the current scope
"../sensors/opt3001.c", line 78: error #102: "maskiR" has already been declared in the current scope
"../sensors/opt3001.c", line 79: error #102: "ryhmaE" has already been declared in the current scope
"../sensors/opt3001.c", line 79: error #31: expression must have integral type
"../sensors/opt3001.c", line 80: error #102: "ryhmaR" has already been declared in the current scope
"../sensors/opt3001.c", line 80: error #31: expression must have integral type
"../sensors/opt3001.c", line 109: error #20: identifier "lux" is undefined
"../sensors/opt3001.c", line 75: warning #179-D: variable "maskiE" was declared but never referenced
"../sensors/opt3001.c", line 75: warning #179-D: variable "maskiR" was declared but never referenced
"../sensors/opt3001.c", line 75: warning #179-D: variable "ryhmaE" was declared but never referenced
"../sensors/opt3001.c", line 75: warning #179-D: variable "ryhmaR" was declared but never referenced
"../sensors/opt3001.c", line 83: warning #179-D: variable "txBuffer" was declared but never referenced
"../sensors/opt3001.c", line 84: warning #179-D: variable "rxBuffer" was declared but never referenced
7 errors detected in the compilation of "../sensors/opt3001.c".
gmake: *** [sensors/opt3001.obj] Error 1
Building file: "../project_main.c"
Invoking: Arm Compiler
"C:/ti/ccs1040/ccs/tools/compiler/ti-cgt-arm_20.2.5.LTS/bin/armcl" -mv7M3 --code_state=16 --float_support=none -me --include_path="C:/Users/tomi_/workspace_v10/empty_CC2650STK_TI" --include_path="C:/Users/tomi_/workspace_v10/empty_CC2650STK_TI" --include_path="C:/ti/tirtos_cc13xx_cc26xx_2_21_00_06/products/cc26xxware_2_24_03_17272" --include_path="C:/ti/ccs1040/ccs/tools/compiler/ti-cgt-arm_20.2.5.LTS/include" --define=ccs -g --diag_warning=225 --diag_warning=255 --diag_wrap=off --display_error_number --gen_func_subsections=on --abi=eabi --preproc_with_compile --preproc_dependency="project_main.d_raw" --cmd_file="configPkg/compiler.opt"  "../project_main.c"
 
>> Compilation failure
subdir_rules.mk:9: recipe for target 'project_main.obj' failed
"../project_main.c", line 127: error #167: too few arguments in function call
"../project_main.c", line 176: warning #225-D: function "Init6LoWPAN" declared implicitly
1 error detected in the compilation of "../project_main.c".
gmake: *** [project_main.obj] Error 1
gmake: Target 'all' not remade because of errors.

**** Build Finished ****

**** Build of configuration Debug for project empty_CC2650STK_TI ****

"C:\\ti\\ccs1040\\ccs\\utils\\bin\\gmake" -k -j 8 all -O 
 
making ../src/sysbios/rom_sysbios.aem3 ...
gmake[1]: Nothing to be done for 'all'.
Building file: "../sensors/opt3001.c"
Invoking: Arm Compiler
"C:/ti/ccs1040/ccs/tools/compiler/ti-cgt-arm_20.2.5.LTS/bin/armcl" -mv7M3 --code_state=16 --float_support=none -me --include_path="C:/Users/tomi_/workspace_v10/empty_CC2650STK_TI" --include_path="C:/Users/tomi_/workspace_v10/empty_CC2650STK_TI" --include_path="C:/ti/tirtos_cc13xx_cc26xx_2_21_00_06/products/cc26xxware_2_24_03_17272" --include_path="C:/ti/ccs1040/ccs/tools/compiler/ti-cgt-arm_20.2.5.LTS/include" --define=ccs -g --diag_warning=225 --diag_warning=255 --diag_wrap=off --display_error_number --gen_func_subsections=on --abi=eabi --preproc_with_compile --preproc_dependency="sensors/opt3001.d_raw" --obj_directory="sensors" --cmd_file="configPkg/compiler.opt"  "../sensors/opt3001.c"
 
>> Compilation failure
sensors/subdir_rules.mk:9: recipe for target 'sensors/opt3001.obj' failed
"../sensors/opt3001.c", line 79: error #31: expression must have integral type
"../sensors/opt3001.c", line 80: error #31: expression must have integral type
"../sensors/opt3001.c", line 109: error #20: identifier "lux" is undefined
"../sensors/opt3001.c", line 83: warning #179-D: variable "txBuffer" was declared but never referenced
"../sensors/opt3001.c", line 84: warning #179-D: variable "rxBuffer" was declared but never referenced
3 errors detected in the compilation of "../sensors/opt3001.c".
gmake: *** [sensors/opt3001.obj] Error 1
Building file: "../project_main.c"
Invoking: Arm Compiler
"C:/ti/ccs1040/ccs/tools/compiler/ti-cgt-arm_20.2.5.LTS/bin/armcl" -mv7M3 --code_state=16 --float_support=none -me --include_path="C:/Users/tomi_/workspace_v10/empty_CC2650STK_TI" --include_path="C:/Users/tomi_/workspace_v10/empty_CC2650STK_TI" --include_path="C:/ti/tirtos_cc13xx_cc26xx_2_21_00_06/products/cc26xxware_2_24_03_17272" --include_path="C:/ti/ccs1040/ccs/tools/compiler/ti-cgt-arm_20.2.5.LTS/include" --define=ccs -g --diag_warning=225 --diag_warning=255 --diag_wrap=off --display_error_number --gen_func_subsections=on --abi=eabi --preproc_with_compile --preproc_dependency="project_main.d_raw" --cmd_file="configPkg/compiler.opt"  "../project_main.c"
 
>> Compilation failure
subdir_rules.mk:9: recipe for target 'project_main.obj' failed
"../project_main.c", line 127: error #167: too few arguments in function call
"../project_main.c", line 176: warning #225-D: function "Init6LoWPAN" declared implicitly
1 error detected in the compilation of "../project_main.c".
gmake: *** [project_main.obj] Error 1
gmake: Target 'all' not remade because of errors.

**** Build Finished ****

**** Build of configuration Debug for project empty_CC2650STK_TI ****

"C:\\ti\\ccs1040\\ccs\\utils\\bin\\gmake" -k -j 8 all -O 
 
making ../src/sysbios/rom_sysbios.aem3 ...
gmake[1]: Nothing to be done for 'all'.
Building file: "../sensors/opt3001.c"
Invoking: Arm Compiler
"C:/ti/ccs1040/ccs/tools/compiler/ti-cgt-arm_20.2.5.LTS/bin/armcl" -mv7M3 --code_state=16 --float_support=none -me --include_path="C:/Users/tomi_/workspace_v10/empty_CC2650STK_TI" --include_path="C:/Users/tomi_/workspace_v10/empty_CC2650STK_TI" --include_path="C:/ti/tirtos_cc13xx_cc26xx_2_21_00_06/products/cc26xxware_2_24_03_17272" --include_path="C:/ti/ccs1040/ccs/tools/compiler/ti-cgt-arm_20.2.5.LTS/include" --define=ccs -g --diag_warning=225 --diag_warning=255 --diag_wrap=off --display_error_number --gen_func_subsections=on --abi=eabi --preproc_with_compile --preproc_dependency="sensors/opt3001.d_raw" --obj_directory="sensors" --cmd_file="configPkg/compiler.opt"  "../sensors/opt3001.c"
 
>> Compilation failure
sensors/subdir_rules.mk:9: recipe for target 'sensors/opt3001.obj' failed
"../sensors/opt3001.c", line 79: error #31: expression must have integral type
"../sensors/opt3001.c", line 80: error #31: expression must have integral type
"../sensors/opt3001.c", line 109: error #20: identifier "lux" is undefined
"../sensors/opt3001.c", line 83: warning #179-D: variable "txBuffer" was declared but never referenced
"../sensors/opt3001.c", line 84: warning #179-D: variable "rxBuffer" was declared but never referenced
3 errors detected in the compilation of "../sensors/opt3001.c".
gmake: *** [sensors/opt3001.obj] Error 1
Building file: "../project_main.c"
Invoking: Arm Compiler
"C:/ti/ccs1040/ccs/tools/compiler/ti-cgt-arm_20.2.5.LTS/bin/armcl" -mv7M3 --code_state=16 --float_support=none -me --include_path="C:/Users/tomi_/workspace_v10/empty_CC2650STK_TI" --include_path="C:/Users/tomi_/workspace_v10/empty_CC2650STK_TI" --include_path="C:/ti/tirtos_cc13xx_cc26xx_2_21_00_06/products/cc26xxware_2_24_03_17272" --include_path="C:/ti/ccs1040/ccs/tools/compiler/ti-cgt-arm_20.2.5.LTS/include" --define=ccs -g --diag_warning=225 --diag_warning=255 --diag_wrap=off --display_error_number --gen_func_subsections=on --abi=eabi --preproc_with_compile --preproc_dependency="project_main.d_raw" --cmd_file="configPkg/compiler.opt"  "../project_main.c"
 
>> Compilation failure
subdir_rules.mk:9: recipe for target 'project_main.obj' failed
"../project_main.c", line 127: error #167: too few arguments in function call
"../project_main.c", line 176: warning #225-D: function "Init6LoWPAN" declared implicitly
1 error detected in the compilation of "../project_main.c".
gmake: *** [project_main.obj] Error 1
gmake: Target 'all' not remade because of errors.

**** Build Finished ****

**** Build of configuration Debug for project empty_CC2650STK_TI ****

"C:\\ti\\ccs1040\\ccs\\utils\\bin\\gmake" -k -j 8 all -O 
 
making ../src/sysbios/rom_sysbios.aem3 ...
gmake[1]: Nothing to be done for 'all'.
Building file: "../sensors/opt3001.c"
Invoking: Arm Compiler
"C:/ti/ccs1040/ccs/tools/compiler/ti-cgt-arm_20.2.5.LTS/bin/armcl" -mv7M3 --code_state=16 --float_support=none -me --include_path="C:/Users/tomi_/workspace_v10/empty_CC2650STK_TI" --include_path="C:/Users/tomi_/workspace_v10/empty_CC2650STK_TI" --include_path="C:/ti/tirtos_cc13xx_cc26xx_2_21_00_06/products/cc26xxware_2_24_03_17272" --include_path="C:/ti/ccs1040/ccs/tools/compiler/ti-cgt-arm_20.2.5.LTS/include" --define=ccs -g --diag_warning=225 --diag_warning=255 --diag_wrap=off --display_error_number --gen_func_subsections=on --abi=eabi --preproc_with_compile --preproc_dependency="sensors/opt3001.d_raw" --obj_directory="sensors" --cmd_file="configPkg/compiler.opt"  "../sensors/opt3001.c"
 
>> Compilation failure
sensors/subdir_rules.mk:9: recipe for target 'sensors/opt3001.obj' failed
"../sensors/opt3001.c", line 79: error #31: expression must have integral type
"../sensors/opt3001.c", line 80: error #31: expression must have integral type
"../sensors/opt3001.c", line 109: error #20: identifier "lux" is undefined
"../sensors/opt3001.c", line 83: warning #179-D: variable "txBuffer" was declared but never referenced
"../sensors/opt3001.c", line 84: warning #179-D: variable "rxBuffer" was declared but never referenced
3 errors detected in the compilation of "../sensors/opt3001.c".
gmake: *** [sensors/opt3001.obj] Error 1
Building file: "../project_main.c"
Invoking: Arm Compiler
"C:/ti/ccs1040/ccs/tools/compiler/ti-cgt-arm_20.2.5.LTS/bin/armcl" -mv7M3 --code_state=16 --float_support=none -me --include_path="C:/Users/tomi_/workspace_v10/empty_CC2650STK_TI" --include_path="C:/Users/tomi_/workspace_v10/empty_CC2650STK_TI" --include_path="C:/ti/tirtos_cc13xx_cc26xx_2_21_00_06/products/cc26xxware_2_24_03_17272" --include_path="C:/ti/ccs1040/ccs/tools/compiler/ti-cgt-arm_20.2.5.LTS/include" --define=ccs -g --diag_warning=225 --diag_warning=255 --diag_wrap=off --display_error_number --gen_func_subsections=on --abi=eabi --preproc_with_compile --preproc_dependency="project_main.d_raw" --cmd_file="configPkg/compiler.opt"  "../project_main.c"
 
>> Compilation failure
subdir_rules.mk:9: recipe for target 'project_main.obj' failed
"../project_main.c", line 127: error #167: too few arguments in function call
"../project_main.c", line 176: warning #225-D: function "Init6LoWPAN" declared implicitly
1 error detected in the compilation of "../project_main.c".
gmake: *** [project_main.obj] Error 1
gmake: Target 'all' not remade because of errors.

**** Build Finished ****

**** Clean-only build of configuration Debug for project empty_CC2650STK_TI ****

"C:\\ti\\ccs1040\\ccs\\utils\\bin\\gmake" -k -j 8 clean -O 
 
cleaning ../src/sysbios ...
DEL /F  "empty_CC2650STK_TI.hex"  "configPkg\linker.cmd" "configPkg\compiler.opt"  "empty_CC2650STK_TI.out" 
DEL /F "CC2650STK.obj" "ccfg.obj" "project_main.obj" "sensors\bmp280.obj" "sensors\hdc1000.obj" "sensors\mpu9250.obj" "sensors\opt3001.obj" "sensors\tmp007.obj" "wireless\CWC_CC2650_154Drv.obj" "wireless\CWC_IntegrTest.obj" "wireless\ERRORS.obj" "wireless\comm_lib.obj" 
DEL /F "CC2650STK.d" "ccfg.d" "project_main.d" "sensors\bmp280.d" "sensors\hdc1000.d" "sensors\mpu9250.d" "sensors\opt3001.d" "sensors\tmp007.d" "wireless\CWC_CC2650_154Drv.d" "wireless\CWC_IntegrTest.d" "wireless\ERRORS.d" "wireless\comm_lib.d" 
RMDIR /S/Q  "configPkg\" 
Could Not Find C:\Users\tomi_\workspace_v10\empty_CC2650STK_TI\Debug\empty_CC2650STK_TI.hex
Finished clean
 

**** Build Finished ****

**** Clean-only build of configuration Debug for project empty_CC2650STK_TI ****

"C:\\ti\\ccs1040\\ccs\\utils\\bin\\gmake" -k -j 8 clean -O 
 
DEL /F  "empty_CC2650STK_TI.hex"  "configPkg\linker.cmd" "configPkg\compiler.opt"  "empty_CC2650STK_TI.out" 
DEL /F "CC2650STK.obj" "ccfg.obj" "project_main.obj" "sensors\bmp280.obj" "sensors\hdc1000.obj" "sensors\mpu9250.obj" "sensors\opt3001.obj" "sensors\tmp007.obj" "wireless\CWC_CC2650_154Drv.obj" "wireless\CWC_IntegrTest.obj" "wireless\ERRORS.obj" "wireless\comm_lib.obj" 
DEL /F "CC2650STK.d" "ccfg.d" "project_main.d" "sensors\bmp280.d" "sensors\hdc1000.d" "sensors\mpu9250.d" "sensors\opt3001.d" "sensors\tmp007.d" "wireless\CWC_CC2650_154Drv.d" "wireless\CWC_IntegrTest.d" "wireless\ERRORS.d" "wireless\comm_lib.d" 
RMDIR /S/Q  "configPkg\" 
M„„ritetty„ tiedostoa ei l”ydy.
Could Not Find C:\Users\tomi_\workspace_v10\empty_CC2650STK_TI\Debug\CC2650STK.obj
Could Not Find C:\Users\tomi_\workspace_v10\empty_CC2650STK_TI\Debug\sensors\bmp280.obj
Could Not Find C:\Users\tomi_\workspace_v10\empty_CC2650STK_TI\Debug\wireless\CWC_CC2650_154Drv.obj
Could Not Find C:\Users\tomi_\workspace_v10\empty_CC2650STK_TI\Debug\CC2650STK.d
Could Not Find C:\Users\tomi_\workspace_v10\empty_CC2650STK_TI\Debug\sensors\bmp280.d
Could Not Find C:\Users\tomi_\workspace_v10\empty_CC2650STK_TI\Debug\wireless\CWC_CC2650_154Drv.d
M„„ritetty„ tiedostoa ei l”ydy.
Finished clean
 

**** Build Finished ****

**** Build of configuration Debug for project empty_CC2650STK_TI ****

"C:\\ti\\ccs1040\\ccs\\utils\\bin\\gmake" -k -j 8 all -O 
 
Building file: "../empty.cfg"
Invoking: XDCtools
"C:/ti/xdctools_3_32_00_06_core/xs" --xdcpath="C:/ti/tirtos_cc13xx_cc26xx_2_21_00_06/packages;C:/ti/tirtos_cc13xx_cc26xx_2_21_00_06/products/tidrivers_cc13xx_cc26xx_2_21_00_04/packages;C:/ti/tirtos_cc13xx_cc26xx_2_21_00_06/products/bios_6_46_01_37/packages;C:/ti/tirtos_cc13xx_cc26xx_2_21_00_06/products/uia_2_01_00_01/packages;" xdc.tools.configuro -o configPkg -t ti.targets.arm.elf.M3 -p ti.platforms.simplelink:CC2650F128 -r release -c "C:/ti/ccs1040/ccs/tools/compiler/ti-cgt-arm_20.2.5.LTS" --compileOptions "-mv7M3 --code_state=16 --float_support=none -me --include_path=\"C:/Users/tomi_/workspace_v10/empty_CC2650STK_TI\" --include_path=\"C:/Users/tomi_/workspace_v10/empty_CC2650STK_TI\" --include_path=\"C:/ti/tirtos_cc13xx_cc26xx_2_21_00_06/products/cc26xxware_2_24_03_17272\" --include_path=\"C:/ti/ccs1040/ccs/tools/compiler/ti-cgt-arm_20.2.5.LTS/include\" --define=ccs -g --diag_warning=225 --diag_warning=255 --diag_wrap=off --display_error_number --gen_func_subsections=on --abi=eabi  " "../empty.cfg"
making package.mak (because of package.bld) ...
generating interfaces for package configPkg (because package/package.xdc.inc is older than package.xdc) ...
configuring empty.xem3 from package/cfg/empty_pem3.cfg ...
generating custom ROM library makefile ... 
Starting build of library sources ...
making C:/Users/tomi_/workspace_v10/empty_CC2650STK_TI/src/sysbios/rom_sysbios.aem3 ...
gmake[1]: Entering directory `C:/Users/tomi_/workspace_v10/empty_CC2650STK_TI/src/sysbios'
clem3 C:/ti/tirtos_cc13xx_cc26xx_2_21_00_06/products/bios_6_46_01_37/packages/ti/sysbios/BIOS.c ...
asmem3 C:/ti/tirtos_cc13xx_cc26xx_2_21_00_06/products/bios_6_46_01_37/packages/ti/sysbios/family/arm/m3/Hwi_asm.sv7M ...
asmem3 C:/ti/tirtos_cc13xx_cc26xx_2_21_00_06/products/bios_6_46_01_37/packages/ti/sysbios/family/arm/m3/Hwi_asm_switch.sv7M ...
asmem3 C:/ti/tirtos_cc13xx_cc26xx_2_21_00_06/products/bios_6_46_01_37/packages/ti/sysbios/family/arm/m3/IntrinsicsSupport_asm.sv7M ...
asmem3 C:/ti/tirtos_cc13xx_cc26xx_2_21_00_06/products/bios_6_46_01_37/packages/ti/sysbios/family/arm/m3/TaskSupport_asm.sv7M ...
arem3 rom_sysbios.obj m3_Hwi_asm.obj m3_Hwi_asm_switch.obj m3_IntrinsicsSupport_asm.obj m3_TaskSupport_asm.obj ...
gmake[1]: Leaving directory `C:/Users/tomi_/workspace_v10/empty_CC2650STK_TI/src/sysbios'
Build of libraries done.
clem3 package/cfg/empty_pem3.c ...
"package/cfg/empty_pem3.c", line 7971: warning #112-D: statement is unreachable
Finished building: "../empty.cfg"
 
        1 file(s) copied.
making ../src/sysbios/rom_sysbios.aem3 ...
gmake[1]: Nothing to be done for 'all'.
Building file: "../ccfg.c"
Invoking: Arm Compiler
"C:/ti/ccs1040/ccs/tools/compiler/ti-cgt-arm_20.2.5.LTS/bin/armcl" -mv7M3 --code_state=16 --float_support=none -me --include_path="C:/Users/tomi_/workspace_v10/empty_CC2650STK_TI" --include_path="C:/Users/tomi_/workspace_v10/empty_CC2650STK_TI" --include_path="C:/ti/tirtos_cc13xx_cc26xx_2_21_00_06/products/cc26xxware_2_24_03_17272" --include_path="C:/ti/ccs1040/ccs/tools/compiler/ti-cgt-arm_20.2.5.LTS/include" --define=ccs -g --diag_warning=225 --diag_warning=255 --diag_wrap=off --display_error_number --gen_func_subsections=on --abi=eabi --preproc_with_compile --preproc_dependency="ccfg.d_raw" --cmd_file="configPkg/compiler.opt"  "../ccfg.c"
Finished building: "../ccfg.c"
 
Building file: "../sensors/opt3001.c"
Invoking: Arm Compiler
"C:/ti/ccs1040/ccs/tools/compiler/ti-cgt-arm_20.2.5.LTS/bin/armcl" -mv7M3 --code_state=16 --float_support=none -me --include_path="C:/Users/tomi_/workspace_v10/empty_CC2650STK_TI" --include_path="C:/Users/tomi_/workspace_v10/empty_CC2650STK_TI" --include_path="C:/ti/tirtos_cc13xx_cc26xx_2_21_00_06/products/cc26xxware_2_24_03_17272" --include_path="C:/ti/ccs1040/ccs/tools/compiler/ti-cgt-arm_20.2.5.LTS/include" --define=ccs -g --diag_warning=225 --diag_warning=255 --diag_wrap=off --display_error_number --gen_func_subsections=on --abi=eabi --preproc_with_compile --preproc_dependency="sensors/opt3001.d_raw" --obj_directory="sensors" --cmd_file="configPkg/compiler.opt"  "../sensors/opt3001.c"
 
>> Compilation failure
sensors/subdir_rules.mk:9: recipe for target 'sensors/opt3001.obj' failed
"../sensors/opt3001.c", line 80: error #31: expression must have integral type
"../sensors/opt3001.c", line 81: error #31: expression must have integral type
"../sensors/opt3001.c", line 84: warning #179-D: variable "txBuffer" was declared but never referenced
"../sensors/opt3001.c", line 85: warning #179-D: variable "rxBuffer" was declared but never referenced
2 errors detected in the compilation of "../sensors/opt3001.c".
gmake: *** [sensors/opt3001.obj] Error 1
Building file: "../sensors/tmp007.c"
Invoking: Arm Compiler
"C:/ti/ccs1040/ccs/tools/compiler/ti-cgt-arm_20.2.5.LTS/bin/armcl" -mv7M3 --code_state=16 --float_support=none -me --include_path="C:/Users/tomi_/workspace_v10/empty_CC2650STK_TI" --include_path="C:/Users/tomi_/workspace_v10/empty_CC2650STK_TI" --include_path="C:/ti/tirtos_cc13xx_cc26xx_2_21_00_06/products/cc26xxware_2_24_03_17272" --include_path="C:/ti/ccs1040/ccs/tools/compiler/ti-cgt-arm_20.2.5.LTS/include" --define=ccs -g --diag_warning=225 --diag_warning=255 --diag_wrap=off --display_error_number --gen_func_subsections=on --abi=eabi --preproc_with_compile --preproc_dependency="sensors/tmp007.d_raw" --obj_directory="sensors" --cmd_file="configPkg/compiler.opt"  "../sensors/tmp007.c"
Finished building: "../sensors/tmp007.c"
 
Building file: "../sensors/bmp280.c"
Invoking: Arm Compiler
"C:/ti/ccs1040/ccs/tools/compiler/ti-cgt-arm_20.2.5.LTS/bin/armcl" -mv7M3 --code_state=16 --float_support=none -me --include_path="C:/Users/tomi_/workspace_v10/empty_CC2650STK_TI" --include_path="C:/Users/tomi_/workspace_v10/empty_CC2650STK_TI" --include_path="C:/ti/tirtos_cc13xx_cc26xx_2_21_00_06/products/cc26xxware_2_24_03_17272" --include_path="C:/ti/ccs1040/ccs/tools/compiler/ti-cgt-arm_20.2.5.LTS/include" --define=ccs -g --diag_warning=225 --diag_warning=255 --diag_wrap=off --display_error_number --gen_func_subsections=on --abi=eabi --preproc_with_compile --preproc_dependency="sensors/bmp280.d_raw" --obj_directory="sensors" --cmd_file="configPkg/compiler.opt"  "../sensors/bmp280.c"
Finished building: "../sensors/bmp280.c"
 
Building file: "../sensors/hdc1000.c"
Invoking: Arm Compiler
"C:/ti/ccs1040/ccs/tools/compiler/ti-cgt-arm_20.2.5.LTS/bin/armcl" -mv7M3 --code_state=16 --float_support=none -me --include_path="C:/Users/tomi_/workspace_v10/empty_CC2650STK_TI" --include_path="C:/Users/tomi_/workspace_v10/empty_CC2650STK_TI" --include_path="C:/ti/tirtos_cc13xx_cc26xx_2_21_00_06/products/cc26xxware_2_24_03_17272" --include_path="C:/ti/ccs1040/ccs/tools/compiler/ti-cgt-arm_20.2.5.LTS/include" --define=ccs -g --diag_warning=225 --diag_warning=255 --diag_wrap=off --display_error_number --gen_func_subsections=on --abi=eabi --preproc_with_compile --preproc_dependency="sensors/hdc1000.d_raw" --obj_directory="sensors" --cmd_file="configPkg/compiler.opt"  "../sensors/hdc1000.c"
Finished building: "../sensors/hdc1000.c"
 
Building file: "../wireless/CWC_IntegrTest.c"
Invoking: Arm Compiler
"C:/ti/ccs1040/ccs/tools/compiler/ti-cgt-arm_20.2.5.LTS/bin/armcl" -mv7M3 --code_state=16 --float_support=none -me --include_path="C:/Users/tomi_/workspace_v10/empty_CC2650STK_TI" --include_path="C:/Users/tomi_/workspace_v10/empty_CC2650STK_TI" --include_path="C:/ti/tirtos_cc13xx_cc26xx_2_21_00_06/products/cc26xxware_2_24_03_17272" --include_path="C:/ti/ccs1040/ccs/tools/compiler/ti-cgt-arm_20.2.5.LTS/include" --define=ccs -g --diag_warning=225 --diag_warning=255 --diag_wrap=off --display_error_number --gen_func_subsections=on --abi=eabi --preproc_with_compile --preproc_dependency="wireless/CWC_IntegrTest.d_raw" --obj_directory="wireless" --cmd_file="configPkg/compiler.opt"  "../wireless/CWC_IntegrTest.c"
"../wireless/CWC_IntegrTest.c", line 59: warning #112-D: statement is unreachable
Finished building: "../wireless/CWC_IntegrTest.c"
 
Building file: "../wireless/ERRORS.c"
Invoking: Arm Compiler
"C:/ti/ccs1040/ccs/tools/compiler/ti-cgt-arm_20.2.5.LTS/bin/armcl" -mv7M3 --code_state=16 --float_support=none -me --include_path="C:/Users/tomi_/workspace_v10/empty_CC2650STK_TI" --include_path="C:/Users/tomi_/workspace_v10/empty_CC2650STK_TI" --include_path="C:/ti/tirtos_cc13xx_cc26xx_2_21_00_06/products/cc26xxware_2_24_03_17272" --include_path="C:/ti/ccs1040/ccs/tools/compiler/ti-cgt-arm_20.2.5.LTS/include" --define=ccs -g --diag_warning=225 --diag_warning=255 --diag_wrap=off --display_error_number --gen_func_subsections=on --abi=eabi --preproc_with_compile --preproc_dependency="wireless/ERRORS.d_raw" --obj_directory="wireless" --cmd_file="configPkg/compiler.opt"  "../wireless/ERRORS.c"
Finished building: "../wireless/ERRORS.c"
 
Building file: "../project_main.c"
Invoking: Arm Compiler
"C:/ti/ccs1040/ccs/tools/compiler/ti-cgt-arm_20.2.5.LTS/bin/armcl" -mv7M3 --code_state=16 --float_support=none -me --include_path="C:/Users/tomi_/workspace_v10/empty_CC2650STK_TI" --include_path="C:/Users/tomi_/workspace_v10/empty_CC2650STK_TI" --include_path="C:/ti/tirtos_cc13xx_cc26xx_2_21_00_06/products/cc26xxware_2_24_03_17272" --include_path="C:/ti/ccs1040/ccs/tools/compiler/ti-cgt-arm_20.2.5.LTS/include" --define=ccs -g --diag_warning=225 --diag_warning=255 --diag_wrap=off --display_error_number --gen_func_subsections=on --abi=eabi --preproc_with_compile --preproc_dependency="project_main.d_raw" --cmd_file="configPkg/compiler.opt"  "../project_main.c"
"../project_main.c", line 109: warning #179-D: variable "i2cMessage" was declared but never referenced
"../project_main.c", line 170: warning #225-D: function "Init6LoWPAN" declared implicitly
Finished building: "../project_main.c"
 
Building file: "../wireless/CWC_CC2650_154Drv.c"
Invoking: Arm Compiler
"C:/ti/ccs1040/ccs/tools/compiler/ti-cgt-arm_20.2.5.LTS/bin/armcl" -mv7M3 --code_state=16 --float_support=none -me --include_path="C:/Users/tomi_/workspace_v10/empty_CC2650STK_TI" --include_path="C:/Users/tomi_/workspace_v10/empty_CC2650STK_TI" --include_path="C:/ti/tirtos_cc13xx_cc26xx_2_21_00_06/products/cc26xxware_2_24_03_17272" --include_path="C:/ti/ccs1040/ccs/tools/compiler/ti-cgt-arm_20.2.5.LTS/include" --define=ccs -g --diag_warning=225 --diag_warning=255 --diag_wrap=off --display_error_number --gen_func_subsections=on --abi=eabi --preproc_with_compile --preproc_dependency="wireless/CWC_CC2650_154Drv.d_raw" --obj_directory="wireless" --cmd_file="configPkg/compiler.opt"  "../wireless/CWC_CC2650_154Drv.c"
"../wireless/CWC_CC2650_154Drv.c", line 439: warning #515-D: a value of type "CWC_CC2650_IEEE154_simple_packet_struct_t *" cannot be assigned to an entity of type "uint8_t *"
"../wireless/CWC_CC2650_154Drv.c", line 447: warning #112-D: statement is unreachable
"../wireless/CWC_CC2650_154Drv.c", line 451: warning #112-D: statement is unreachable
Finished building: "../wireless/CWC_CC2650_154Drv.c"
 
Building file: "../CC2650STK.c"
Invoking: Arm Compiler
"C:/ti/ccs1040/ccs/tools/compiler/ti-cgt-arm_20.2.5.LTS/bin/armcl" -mv7M3 --code_state=16 --float_support=none -me --include_path="C:/Users/tomi_/workspace_v10/empty_CC2650STK_TI" --include_path="C:/Users/tomi_/workspace_v10/empty_CC2650STK_TI" --include_path="C:/ti/tirtos_cc13xx_cc26xx_2_21_00_06/products/cc26xxware_2_24_03_17272" --include_path="C:/ti/ccs1040/ccs/tools/compiler/ti-cgt-arm_20.2.5.LTS/include" --define=ccs -g --diag_warning=225 --diag_warning=255 --diag_wrap=off --display_error_number --gen_func_subsections=on --abi=eabi --preproc_with_compile --preproc_dependency="CC2650STK.d_raw" --cmd_file="configPkg/compiler.opt"  "../CC2650STK.c"
Finished building: "../CC2650STK.c"
 
Building file: "../sensors/mpu9250.c"
Invoking: Arm Compiler
"C:/ti/ccs1040/ccs/tools/compiler/ti-cgt-arm_20.2.5.LTS/bin/armcl" -mv7M3 --code_state=16 --float_support=none -me --include_path="C:/Users/tomi_/workspace_v10/empty_CC2650STK_TI" --include_path="C:/Users/tomi_/workspace_v10/empty_CC2650STK_TI" --include_path="C:/ti/tirtos_cc13xx_cc26xx_2_21_00_06/products/cc26xxware_2_24_03_17272" --include_path="C:/ti/ccs1040/ccs/tools/compiler/ti-cgt-arm_20.2.5.LTS/include" --define=ccs -g --diag_warning=225 --diag_warning=255 --diag_wrap=off --display_error_number --gen_func_subsections=on --abi=eabi --preproc_with_compile --preproc_dependency="sensors/mpu9250.d_raw" --obj_directory="sensors" --cmd_file="configPkg/compiler.opt"  "../sensors/mpu9250.c"
Finished building: "../sensors/mpu9250.c"
 
Building file: "../wireless/comm_lib.c"
Invoking: Arm Compiler
"C:/ti/ccs1040/ccs/tools/compiler/ti-cgt-arm_20.2.5.LTS/bin/armcl" -mv7M3 --code_state=16 --float_support=none -me --include_path="C:/Users/tomi_/workspace_v10/empty_CC2650STK_TI" --include_path="C:/Users/tomi_/workspace_v10/empty_CC2650STK_TI" --include_path="C:/ti/tirtos_cc13xx_cc26xx_2_21_00_06/products/cc26xxware_2_24_03_17272" --include_path="C:/ti/ccs1040/ccs/tools/compiler/ti-cgt-arm_20.2.5.LTS/include" --define=ccs -g --diag_warning=225 --diag_warning=255 --diag_wrap=off --display_error_number --gen_func_subsections=on --abi=eabi --preproc_with_compile --preproc_dependency="wireless/comm_lib.d_raw" --obj_directory="wireless" --cmd_file="configPkg/compiler.opt"  "../wireless/comm_lib.c"
"../wireless/comm_lib.c", line 141: warning #169-D: argument of type "volatile uint8_t *" is incompatible with parameter of type "uint8_t *"
"../wireless/comm_lib.c", line 150: warning #515-D: a value of type "uint8_t *" cannot be assigned to an entity of type "int8_t"
"../wireless/comm_lib.c", line 158: warning #515-D: a value of type "void *" cannot be assigned to an entity of type "int32_t"
"../wireless/comm_lib.c", line 161: warning #169-D: argument of type "volatile uint8_t *" is incompatible with parameter of type "uint8_t *"
"../wireless/comm_lib.c", line 195: warning #515-D: a value of type "uint8_t *" cannot be assigned to an entity of type "rfc_dataEntryGeneral_t *"
"../wireless/comm_lib.c", line 196: warning #515-D: a value of type "uint8_t *" cannot be assigned to an entity of type "rfc_dataEntryGeneral_t *"
"../wireless/comm_lib.c", line 197: warning #169-D: argument of type "rfc_dataEntryGeneral_t *" is incompatible with parameter of type "uint8_t *"
"../wireless/comm_lib.c", line 199: warning #515-D: a value of type "rfc_dataEntryGeneral_t *" cannot be assigned to an entity of type "volatile uint8_t *"
"../wireless/comm_lib.c", line 210: warning #515-D: a value of type "uint8_t *" cannot be assigned to an entity of type "rfc_dataEntryGeneral_t *"
"../wireless/comm_lib.c", line 211: warning #515-D: a value of type "uint8_t *" cannot be assigned to an entity of type "rfc_dataEntryGeneral_t *"
"../wireless/comm_lib.c", line 212: warning #169-D: argument of type "rfc_dataEntryGeneral_t *" is incompatible with parameter of type "uint8_t *"
"../wireless/comm_lib.c", line 214: warning #515-D: a value of type "rfc_dataEntryGeneral_t *" cannot be assigned to an entity of type "volatile uint8_t *"
"../wireless/comm_lib.c", line 246: warning #515-D: a value of type "uint8_t *" cannot be assigned to an entity of type "CWC_CC2650_IEEE154_simple_packet_struct_t *"
"../wireless/comm_lib.c", line 248: warning #515-D: a value of type "uint8_t *" cannot be assigned to an entity of type "uint16_t *"
"../wireless/comm_lib.c", line 275: warning #515-D: a value of type "uint8_t *" cannot be assigned to an entity of type "rfc_dataEntryGeneral_t *"
Finished building: "../wireless/comm_lib.c"
 
gmake: Target 'all' not remade because of errors.

**** Build Finished ****

**** Build of configuration Debug for project empty_CC2650STK_TI ****

"C:\\ti\\ccs1040\\ccs\\utils\\bin\\gmake" -k -j 8 all -O 
 
making ../src/sysbios/rom_sysbios.aem3 ...
gmake[1]: Nothing to be done for 'all'.
Building file: "../sensors/opt3001.c"
Invoking: Arm Compiler
"C:/ti/ccs1040/ccs/tools/compiler/ti-cgt-arm_20.2.5.LTS/bin/armcl" -mv7M3 --code_state=16 --float_support=none -me --include_path="C:/Users/tomi_/workspace_v10/empty_CC2650STK_TI" --include_path="C:/Users/tomi_/workspace_v10/empty_CC2650STK_TI" --include_path="C:/ti/tirtos_cc13xx_cc26xx_2_21_00_06/products/cc26xxware_2_24_03_17272" --include_path="C:/ti/ccs1040/ccs/tools/compiler/ti-cgt-arm_20.2.5.LTS/include" --define=ccs -g --diag_warning=225 --diag_warning=255 --diag_wrap=off --display_error_number --gen_func_subsections=on --abi=eabi --preproc_with_compile --preproc_dependency="sensors/opt3001.d_raw" --obj_directory="sensors" --cmd_file="configPkg/compiler.opt"  "../sensors/opt3001.c"
 
>> Compilation failure
sensors/subdir_rules.mk:9: recipe for target 'sensors/opt3001.obj' failed
"../sensors/opt3001.c", line 80: error #31: expression must have integral type
"../sensors/opt3001.c", line 81: error #31: expression must have integral type
"../sensors/opt3001.c", line 84: warning #179-D: variable "txBuffer" was declared but never referenced
"../sensors/opt3001.c", line 85: warning #179-D: variable "rxBuffer" was declared but never referenced
2 errors detected in the compilation of "../sensors/opt3001.c".
gmake: *** [sensors/opt3001.obj] Error 1
gmake: Target 'all' not remade because of errors.

**** Build Finished ****

**** Clean-only build of configuration Debug for project empty_CC2650STK_TI ****

"C:\\ti\\ccs1040\\ccs\\utils\\bin\\gmake" -k -j 8 clean -O 
 
cleaning ../src/sysbios ...
DEL /F  "empty_CC2650STK_TI.hex"  "configPkg\linker.cmd" "configPkg\compiler.opt"  "empty_CC2650STK_TI.out" 
DEL /F "CC2650STK.obj" "ccfg.obj" "project_main.obj" "sensors\bmp280.obj" "sensors\hdc1000.obj" "sensors\mpu9250.obj" "sensors\opt3001.obj" "sensors\tmp007.obj" "wireless\CWC_CC2650_154Drv.obj" "wireless\CWC_IntegrTest.obj" "wireless\ERRORS.obj" "wireless\comm_lib.obj" 
DEL /F "CC2650STK.d" "ccfg.d" "project_main.d" "sensors\bmp280.d" "sensors\hdc1000.d" "sensors\mpu9250.d" "sensors\opt3001.d" "sensors\tmp007.d" "wireless\CWC_CC2650_154Drv.d" "wireless\CWC_IntegrTest.d" "wireless\ERRORS.d" "wireless\comm_lib.d" 
RMDIR /S/Q  "configPkg\" 
Could Not Find C:\Users\tomi_\workspace_v10\empty_CC2650STK_TI\Debug\empty_CC2650STK_TI.hex
Finished clean
 

**** Build Finished ****

**** Clean-only build of configuration Debug for project empty_CC2650STK_TI ****

"C:\\ti\\ccs1040\\ccs\\utils\\bin\\gmake" -k -j 8 clean -O 
 
DEL /F  "empty_CC2650STK_TI.hex"  "configPkg\linker.cmd" "configPkg\compiler.opt"  "empty_CC2650STK_TI.out" 
DEL /F "CC2650STK.obj" "ccfg.obj" "project_main.obj" "sensors\bmp280.obj" "sensors\hdc1000.obj" "sensors\mpu9250.obj" "sensors\opt3001.obj" "sensors\tmp007.obj" "wireless\CWC_CC2650_154Drv.obj" "wireless\CWC_IntegrTest.obj" "wireless\ERRORS.obj" "wireless\comm_lib.obj" 
DEL /F "CC2650STK.d" "ccfg.d" "project_main.d" "sensors\bmp280.d" "sensors\hdc1000.d" "sensors\mpu9250.d" "sensors\opt3001.d" "sensors\tmp007.d" "wireless\CWC_CC2650_154Drv.d" "wireless\CWC_IntegrTest.d" "wireless\ERRORS.d" "wireless\comm_lib.d" 
RMDIR /S/Q  "configPkg\" 
M„„ritetty„ tiedostoa ei l”ydy.
Could Not Find C:\Users\tomi_\workspace_v10\empty_CC2650STK_TI\Debug\CC2650STK.obj
Could Not Find C:\Users\tomi_\workspace_v10\empty_CC2650STK_TI\Debug\sensors\bmp280.obj
Could Not Find C:\Users\tomi_\workspace_v10\empty_CC2650STK_TI\Debug\wireless\CWC_CC2650_154Drv.obj
Could Not Find C:\Users\tomi_\workspace_v10\empty_CC2650STK_TI\Debug\CC2650STK.d
Could Not Find C:\Users\tomi_\workspace_v10\empty_CC2650STK_TI\Debug\sensors\bmp280.d
Could Not Find C:\Users\tomi_\workspace_v10\empty_CC2650STK_TI\Debug\wireless\CWC_CC2650_154Drv.d
M„„ritetty„ tiedostoa ei l”ydy.
Finished clean
 

**** Build Finished ****

**** Build of configuration Debug for project empty_CC2650STK_TI ****

"C:\\ti\\ccs1040\\ccs\\utils\\bin\\gmake" -k -j 8 all -O 
 
Building file: "../empty.cfg"
Invoking: XDCtools
"C:/ti/xdctools_3_32_00_06_core/xs" --xdcpath="C:/ti/tirtos_cc13xx_cc26xx_2_21_00_06/packages;C:/ti/tirtos_cc13xx_cc26xx_2_21_00_06/products/tidrivers_cc13xx_cc26xx_2_21_00_04/packages;C:/ti/tirtos_cc13xx_cc26xx_2_21_00_06/products/bios_6_46_01_37/packages;C:/ti/tirtos_cc13xx_cc26xx_2_21_00_06/products/uia_2_01_00_01/packages;" xdc.tools.configuro -o configPkg -t ti.targets.arm.elf.M3 -p ti.platforms.simplelink:CC2650F128 -r release -c "C:/ti/ccs1040/ccs/tools/compiler/ti-cgt-arm_20.2.5.LTS" --compileOptions "-mv7M3 --code_state=16 --float_support=none -me --include_path=\"C:/Users/tomi_/workspace_v10/empty_CC2650STK_TI\" --include_path=\"C:/Users/tomi_/workspace_v10/empty_CC2650STK_TI\" --include_path=\"C:/ti/tirtos_cc13xx_cc26xx_2_21_00_06/products/cc26xxware_2_24_03_17272\" --include_path=\"C:/ti/ccs1040/ccs/tools/compiler/ti-cgt-arm_20.2.5.LTS/include\" --define=ccs -g --diag_warning=225 --diag_warning=255 --diag_wrap=off --display_error_number --gen_func_subsections=on --abi=eabi  " "../empty.cfg"
making package.mak (because of package.bld) ...
generating interfaces for package configPkg (because package/package.xdc.inc is older than package.xdc) ...
configuring empty.xem3 from package/cfg/empty_pem3.cfg ...
generating custom ROM library makefile ... 
Starting build of library sources ...
making C:/Users/tomi_/workspace_v10/empty_CC2650STK_TI/src/sysbios/rom_sysbios.aem3 ...
gmake[1]: Entering directory `C:/Users/tomi_/workspace_v10/empty_CC2650STK_TI/src/sysbios'
clem3 C:/ti/tirtos_cc13xx_cc26xx_2_21_00_06/products/bios_6_46_01_37/packages/ti/sysbios/BIOS.c ...
asmem3 C:/ti/tirtos_cc13xx_cc26xx_2_21_00_06/products/bios_6_46_01_37/packages/ti/sysbios/family/arm/m3/Hwi_asm.sv7M ...
asmem3 C:/ti/tirtos_cc13xx_cc26xx_2_21_00_06/products/bios_6_46_01_37/packages/ti/sysbios/family/arm/m3/Hwi_asm_switch.sv7M ...
asmem3 C:/ti/tirtos_cc13xx_cc26xx_2_21_00_06/products/bios_6_46_01_37/packages/ti/sysbios/family/arm/m3/IntrinsicsSupport_asm.sv7M ...
asmem3 C:/ti/tirtos_cc13xx_cc26xx_2_21_00_06/products/bios_6_46_01_37/packages/ti/sysbios/family/arm/m3/TaskSupport_asm.sv7M ...
arem3 rom_sysbios.obj m3_Hwi_asm.obj m3_Hwi_asm_switch.obj m3_IntrinsicsSupport_asm.obj m3_TaskSupport_asm.obj ...
gmake[1]: Leaving directory `C:/Users/tomi_/workspace_v10/empty_CC2650STK_TI/src/sysbios'
Build of libraries done.
clem3 package/cfg/empty_pem3.c ...
"package/cfg/empty_pem3.c", line 7971: warning #112-D: statement is unreachable
Finished building: "../empty.cfg"
 
        1 file(s) copied.
making ../src/sysbios/rom_sysbios.aem3 ...
gmake[1]: Nothing to be done for 'all'.
Building file: "../ccfg.c"
Invoking: Arm Compiler
"C:/ti/ccs1040/ccs/tools/compiler/ti-cgt-arm_20.2.5.LTS/bin/armcl" -mv7M3 --code_state=16 --float_support=none -me --include_path="C:/Users/tomi_/workspace_v10/empty_CC2650STK_TI" --include_path="C:/Users/tomi_/workspace_v10/empty_CC2650STK_TI" --include_path="C:/ti/tirtos_cc13xx_cc26xx_2_21_00_06/products/cc26xxware_2_24_03_17272" --include_path="C:/ti/ccs1040/ccs/tools/compiler/ti-cgt-arm_20.2.5.LTS/include" --define=ccs -g --diag_warning=225 --diag_warning=255 --diag_wrap=off --display_error_number --gen_func_subsections=on --abi=eabi --preproc_with_compile --preproc_dependency="ccfg.d_raw" --cmd_file="configPkg/compiler.opt"  "../ccfg.c"
Finished building: "../ccfg.c"
 
Building file: "../project_main.c"
Invoking: Arm Compiler
"C:/ti/ccs1040/ccs/tools/compiler/ti-cgt-arm_20.2.5.LTS/bin/armcl" -mv7M3 --code_state=16 --float_support=none -me --include_path="C:/Users/tomi_/workspace_v10/empty_CC2650STK_TI" --include_path="C:/Users/tomi_/workspace_v10/empty_CC2650STK_TI" --include_path="C:/ti/tirtos_cc13xx_cc26xx_2_21_00_06/products/cc26xxware_2_24_03_17272" --include_path="C:/ti/ccs1040/ccs/tools/compiler/ti-cgt-arm_20.2.5.LTS/include" --define=ccs -g --diag_warning=225 --diag_warning=255 --diag_wrap=off --display_error_number --gen_func_subsections=on --abi=eabi --preproc_with_compile --preproc_dependency="project_main.d_raw" --cmd_file="configPkg/compiler.opt"  "../project_main.c"
 
>> Compilation failure
subdir_rules.mk:9: recipe for target 'project_main.obj' failed
"../project_main.c", line 80: error #31: expression must have integral type
"../project_main.c", line 81: error #31: expression must have integral type
"../project_main.c", line 75: warning #179-D: variable "maskiE" was declared but never referenced
"../project_main.c", line 75: warning #179-D: variable "maskiR" was declared but never referenced
"../project_main.c", line 84: warning #179-D: variable "txBuffer" was declared but never referenced
"../project_main.c", line 85: warning #179-D: variable "rxBuffer" was declared but never referenced
2 errors detected in the compilation of "../project_main.c".
gmake: *** [project_main.obj] Error 1
Building file: "../sensors/opt3001.c"
Invoking: Arm Compiler
"C:/ti/ccs1040/ccs/tools/compiler/ti-cgt-arm_20.2.5.LTS/bin/armcl" -mv7M3 --code_state=16 --float_support=none -me --include_path="C:/Users/tomi_/workspace_v10/empty_CC2650STK_TI" --include_path="C:/Users/tomi_/workspace_v10/empty_CC2650STK_TI" --include_path="C:/ti/tirtos_cc13xx_cc26xx_2_21_00_06/products/cc26xxware_2_24_03_17272" --include_path="C:/ti/ccs1040/ccs/tools/compiler/ti-cgt-arm_20.2.5.LTS/include" --define=ccs -g --diag_warning=225 --diag_warning=255 --diag_wrap=off --display_error_number --gen_func_subsections=on --abi=eabi --preproc_with_compile --preproc_dependency="sensors/opt3001.d_raw" --obj_directory="sensors" --cmd_file="configPkg/compiler.opt"  "../sensors/opt3001.c"
 
>> Compilation failure
sensors/subdir_rules.mk:9: recipe for target 'sensors/opt3001.obj' failed
"../sensors/opt3001.c", line 80: error #31: expression must have integral type
"../sensors/opt3001.c", line 81: error #31: expression must have integral type
"../sensors/opt3001.c", line 84: warning #179-D: variable "txBuffer" was declared but never referenced
"../sensors/opt3001.c", line 85: warning #179-D: variable "rxBuffer" was declared but never referenced
2 errors detected in the compilation of "../sensors/opt3001.c".
gmake: *** [sensors/opt3001.obj] Error 1
Building file: "../wireless/ERRORS.c"
Invoking: Arm Compiler
"C:/ti/ccs1040/ccs/tools/compiler/ti-cgt-arm_20.2.5.LTS/bin/armcl" -mv7M3 --code_state=16 --float_support=none -me --include_path="C:/Users/tomi_/workspace_v10/empty_CC2650STK_TI" --include_path="C:/Users/tomi_/workspace_v10/empty_CC2650STK_TI" --include_path="C:/ti/tirtos_cc13xx_cc26xx_2_21_00_06/products/cc26xxware_2_24_03_17272" --include_path="C:/ti/ccs1040/ccs/tools/compiler/ti-cgt-arm_20.2.5.LTS/include" --define=ccs -g --diag_warning=225 --diag_warning=255 --diag_wrap=off --display_error_number --gen_func_subsections=on --abi=eabi --preproc_with_compile --preproc_dependency="wireless/ERRORS.d_raw" --obj_directory="wireless" --cmd_file="configPkg/compiler.opt"  "../wireless/ERRORS.c"
Finished building: "../wireless/ERRORS.c"
 
Building file: "../sensors/tmp007.c"
Invoking: Arm Compiler
"C:/ti/ccs1040/ccs/tools/compiler/ti-cgt-arm_20.2.5.LTS/bin/armcl" -mv7M3 --code_state=16 --float_support=none -me --include_path="C:/Users/tomi_/workspace_v10/empty_CC2650STK_TI" --include_path="C:/Users/tomi_/workspace_v10/empty_CC2650STK_TI" --include_path="C:/ti/tirtos_cc13xx_cc26xx_2_21_00_06/products/cc26xxware_2_24_03_17272" --include_path="C:/ti/ccs1040/ccs/tools/compiler/ti-cgt-arm_20.2.5.LTS/include" --define=ccs -g --diag_warning=225 --diag_warning=255 --diag_wrap=off --display_error_number --gen_func_subsections=on --abi=eabi --preproc_with_compile --preproc_dependency="sensors/tmp007.d_raw" --obj_directory="sensors" --cmd_file="configPkg/compiler.opt"  "../sensors/tmp007.c"
Finished building: "../sensors/tmp007.c"
 
Building file: "../sensors/bmp280.c"
Invoking: Arm Compiler
"C:/ti/ccs1040/ccs/tools/compiler/ti-cgt-arm_20.2.5.LTS/bin/armcl" -mv7M3 --code_state=16 --float_support=none -me --include_path="C:/Users/tomi_/workspace_v10/empty_CC2650STK_TI" --include_path="C:/Users/tomi_/workspace_v10/empty_CC2650STK_TI" --include_path="C:/ti/tirtos_cc13xx_cc26xx_2_21_00_06/products/cc26xxware_2_24_03_17272" --include_path="C:/ti/ccs1040/ccs/tools/compiler/ti-cgt-arm_20.2.5.LTS/include" --define=ccs -g --diag_warning=225 --diag_warning=255 --diag_wrap=off --display_error_number --gen_func_subsections=on --abi=eabi --preproc_with_compile --preproc_dependency="sensors/bmp280.d_raw" --obj_directory="sensors" --cmd_file="configPkg/compiler.opt"  "../sensors/bmp280.c"
Finished building: "../sensors/bmp280.c"
 
Building file: "../wireless/CWC_IntegrTest.c"
Invoking: Arm Compiler
"C:/ti/ccs1040/ccs/tools/compiler/ti-cgt-arm_20.2.5.LTS/bin/armcl" -mv7M3 --code_state=16 --float_support=none -me --include_path="C:/Users/tomi_/workspace_v10/empty_CC2650STK_TI" --include_path="C:/Users/tomi_/workspace_v10/empty_CC2650STK_TI" --include_path="C:/ti/tirtos_cc13xx_cc26xx_2_21_00_06/products/cc26xxware_2_24_03_17272" --include_path="C:/ti/ccs1040/ccs/tools/compiler/ti-cgt-arm_20.2.5.LTS/include" --define=ccs -g --diag_warning=225 --diag_warning=255 --diag_wrap=off --display_error_number --gen_func_subsections=on --abi=eabi --preproc_with_compile --preproc_dependency="wireless/CWC_IntegrTest.d_raw" --obj_directory="wireless" --cmd_file="configPkg/compiler.opt"  "../wireless/CWC_IntegrTest.c"
"../wireless/CWC_IntegrTest.c", line 59: warning #112-D: statement is unreachable
Finished building: "../wireless/CWC_IntegrTest.c"
 
Building file: "../sensors/hdc1000.c"
Invoking: Arm Compiler
"C:/ti/ccs1040/ccs/tools/compiler/ti-cgt-arm_20.2.5.LTS/bin/armcl" -mv7M3 --code_state=16 --float_support=none -me --include_path="C:/Users/tomi_/workspace_v10/empty_CC2650STK_TI" --include_path="C:/Users/tomi_/workspace_v10/empty_CC2650STK_TI" --include_path="C:/ti/tirtos_cc13xx_cc26xx_2_21_00_06/products/cc26xxware_2_24_03_17272" --include_path="C:/ti/ccs1040/ccs/tools/compiler/ti-cgt-arm_20.2.5.LTS/include" --define=ccs -g --diag_warning=225 --diag_warning=255 --diag_wrap=off --display_error_number --gen_func_subsections=on --abi=eabi --preproc_with_compile --preproc_dependency="sensors/hdc1000.d_raw" --obj_directory="sensors" --cmd_file="configPkg/compiler.opt"  "../sensors/hdc1000.c"
Finished building: "../sensors/hdc1000.c"
 
Building file: "../wireless/CWC_CC2650_154Drv.c"
Invoking: Arm Compiler
"C:/ti/ccs1040/ccs/tools/compiler/ti-cgt-arm_20.2.5.LTS/bin/armcl" -mv7M3 --code_state=16 --float_support=none -me --include_path="C:/Users/tomi_/workspace_v10/empty_CC2650STK_TI" --include_path="C:/Users/tomi_/workspace_v10/empty_CC2650STK_TI" --include_path="C:/ti/tirtos_cc13xx_cc26xx_2_21_00_06/products/cc26xxware_2_24_03_17272" --include_path="C:/ti/ccs1040/ccs/tools/compiler/ti-cgt-arm_20.2.5.LTS/include" --define=ccs -g --diag_warning=225 --diag_warning=255 --diag_wrap=off --display_error_number --gen_func_subsections=on --abi=eabi --preproc_with_compile --preproc_dependency="wireless/CWC_CC2650_154Drv.d_raw" --obj_directory="wireless" --cmd_file="configPkg/compiler.opt"  "../wireless/CWC_CC2650_154Drv.c"
"../wireless/CWC_CC2650_154Drv.c", line 439: warning #515-D: a value of type "CWC_CC2650_IEEE154_simple_packet_struct_t *" cannot be assigned to an entity of type "uint8_t *"
"../wireless/CWC_CC2650_154Drv.c", line 447: warning #112-D: statement is unreachable
"../wireless/CWC_CC2650_154Drv.c", line 451: warning #112-D: statement is unreachable
Finished building: "../wireless/CWC_CC2650_154Drv.c"
 
Building file: "../CC2650STK.c"
Invoking: Arm Compiler
"C:/ti/ccs1040/ccs/tools/compiler/ti-cgt-arm_20.2.5.LTS/bin/armcl" -mv7M3 --code_state=16 --float_support=none -me --include_path="C:/Users/tomi_/workspace_v10/empty_CC2650STK_TI" --include_path="C:/Users/tomi_/workspace_v10/empty_CC2650STK_TI" --include_path="C:/ti/tirtos_cc13xx_cc26xx_2_21_00_06/products/cc26xxware_2_24_03_17272" --include_path="C:/ti/ccs1040/ccs/tools/compiler/ti-cgt-arm_20.2.5.LTS/include" --define=ccs -g --diag_warning=225 --diag_warning=255 --diag_wrap=off --display_error_number --gen_func_subsections=on --abi=eabi --preproc_with_compile --preproc_dependency="CC2650STK.d_raw" --cmd_file="configPkg/compiler.opt"  "../CC2650STK.c"
Finished building: "../CC2650STK.c"
 
Building file: "../wireless/comm_lib.c"
Invoking: Arm Compiler
"C:/ti/ccs1040/ccs/tools/compiler/ti-cgt-arm_20.2.5.LTS/bin/armcl" -mv7M3 --code_state=16 --float_support=none -me --include_path="C:/Users/tomi_/workspace_v10/empty_CC2650STK_TI" --include_path="C:/Users/tomi_/workspace_v10/empty_CC2650STK_TI" --include_path="C:/ti/tirtos_cc13xx_cc26xx_2_21_00_06/products/cc26xxware_2_24_03_17272" --include_path="C:/ti/ccs1040/ccs/tools/compiler/ti-cgt-arm_20.2.5.LTS/include" --define=ccs -g --diag_warning=225 --diag_warning=255 --diag_wrap=off --display_error_number --gen_func_subsections=on --abi=eabi --preproc_with_compile --preproc_dependency="wireless/comm_lib.d_raw" --obj_directory="wireless" --cmd_file="configPkg/compiler.opt"  "../wireless/comm_lib.c"
"../wireless/comm_lib.c", line 141: warning #169-D: argument of type "volatile uint8_t *" is incompatible with parameter of type "uint8_t *"
"../wireless/comm_lib.c", line 150: warning #515-D: a value of type "uint8_t *" cannot be assigned to an entity of type "int8_t"
"../wireless/comm_lib.c", line 158: warning #515-D: a value of type "void *" cannot be assigned to an entity of type "int32_t"
"../wireless/comm_lib.c", line 161: warning #169-D: argument of type "volatile uint8_t *" is incompatible with parameter of type "uint8_t *"
"../wireless/comm_lib.c", line 195: warning #515-D: a value of type "uint8_t *" cannot be assigned to an entity of type "rfc_dataEntryGeneral_t *"
"../wireless/comm_lib.c", line 196: warning #515-D: a value of type "uint8_t *" cannot be assigned to an entity of type "rfc_dataEntryGeneral_t *"
"../wireless/comm_lib.c", line 197: warning #169-D: argument of type "rfc_dataEntryGeneral_t *" is incompatible with parameter of type "uint8_t *"
"../wireless/comm_lib.c", line 199: warning #515-D: a value of type "rfc_dataEntryGeneral_t *" cannot be assigned to an entity of type "volatile uint8_t *"
"../wireless/comm_lib.c", line 210: warning #515-D: a value of type "uint8_t *" cannot be assigned to an entity of type "rfc_dataEntryGeneral_t *"
"../wireless/comm_lib.c", line 211: warning #515-D: a value of type "uint8_t *" cannot be assigned to an entity of type "rfc_dataEntryGeneral_t *"
"../wireless/comm_lib.c", line 212: warning #169-D: argument of type "rfc_dataEntryGeneral_t *" is incompatible with parameter of type "uint8_t *"
"../wireless/comm_lib.c", line 214: warning #515-D: a value of type "rfc_dataEntryGeneral_t *" cannot be assigned to an entity of type "volatile uint8_t *"
"../wireless/comm_lib.c", line 246: warning #515-D: a value of type "uint8_t *" cannot be assigned to an entity of type "CWC_CC2650_IEEE154_simple_packet_struct_t *"
"../wireless/comm_lib.c", line 248: warning #515-D: a value of type "uint8_t *" cannot be assigned to an entity of type "uint16_t *"
"../wireless/comm_lib.c", line 275: warning #515-D: a value of type "uint8_t *" cannot be assigned to an entity of type "rfc_dataEntryGeneral_t *"
Finished building: "../wireless/comm_lib.c"
 
Building file: "../sensors/mpu9250.c"
Invoking: Arm Compiler
"C:/ti/ccs1040/ccs/tools/compiler/ti-cgt-arm_20.2.5.LTS/bin/armcl" -mv7M3 --code_state=16 --float_support=none -me --include_path="C:/Users/tomi_/workspace_v10/empty_CC2650STK_TI" --include_path="C:/Users/tomi_/workspace_v10/empty_CC2650STK_TI" --include_path="C:/ti/tirtos_cc13xx_cc26xx_2_21_00_06/products/cc26xxware_2_24_03_17272" --include_path="C:/ti/ccs1040/ccs/tools/compiler/ti-cgt-arm_20.2.5.LTS/include" --define=ccs -g --diag_warning=225 --diag_warning=255 --diag_wrap=off --display_error_number --gen_func_subsections=on --abi=eabi --preproc_with_compile --preproc_dependency="sensors/mpu9250.d_raw" --obj_directory="sensors" --cmd_file="configPkg/compiler.opt"  "../sensors/mpu9250.c"
Finished building: "../sensors/mpu9250.c"
 
gmake: Target 'all' not remade because of errors.

**** Build Finished ****

**** Clean-only build of configuration Debug for project empty_CC2650STK_TI ****

"C:\\ti\\ccs1040\\ccs\\utils\\bin\\gmake" -k -j 8 clean -O 
 
cleaning ../src/sysbios ...
DEL /F  "empty_CC2650STK_TI.hex"  "configPkg\linker.cmd" "configPkg\compiler.opt"  "empty_CC2650STK_TI.out" 
DEL /F "CC2650STK.obj" "ccfg.obj" "project_main.obj" "sensors\bmp280.obj" "sensors\hdc1000.obj" "sensors\mpu9250.obj" "sensors\opt3001.obj" "sensors\tmp007.obj" "wireless\CWC_CC2650_154Drv.obj" "wireless\CWC_IntegrTest.obj" "wireless\ERRORS.obj" "wireless\comm_lib.obj" 
DEL /F "CC2650STK.d" "ccfg.d" "project_main.d" "sensors\bmp280.d" "sensors\hdc1000.d" "sensors\mpu9250.d" "sensors\opt3001.d" "sensors\tmp007.d" "wireless\CWC_CC2650_154Drv.d" "wireless\CWC_IntegrTest.d" "wireless\ERRORS.d" "wireless\comm_lib.d" 
RMDIR /S/Q  "configPkg\" 
Could Not Find C:\Users\tomi_\workspace_v10\empty_CC2650STK_TI\Debug\empty_CC2650STK_TI.hex
Could Not Find C:\Users\tomi_\workspace_v10\empty_CC2650STK_TI\Debug\empty_CC2650STK_TI.out
Finished clean
 

**** Build Finished ****

**** Clean-only build of configuration Debug for project empty_CC2650STK_TI ****

"C:\\ti\\ccs1040\\ccs\\utils\\bin\\gmake" -k -j 8 clean -O 
 
DEL /F  "empty_CC2650STK_TI.hex"  "configPkg\linker.cmd" "configPkg\compiler.opt"  "empty_CC2650STK_TI.out" 
DEL /F "CC2650STK.obj" "ccfg.obj" "project_main.obj" "sensors\bmp280.obj" "sensors\hdc1000.obj" "sensors\mpu9250.obj" "sensors\opt3001.obj" "sensors\tmp007.obj" "wireless\CWC_CC2650_154Drv.obj" "wireless\CWC_IntegrTest.obj" "wireless\ERRORS.obj" "wireless\comm_lib.obj" 
DEL /F "CC2650STK.d" "ccfg.d" "project_main.d" "sensors\bmp280.d" "sensors\hdc1000.d" "sensors\mpu9250.d" "sensors\opt3001.d" "sensors\tmp007.d" "wireless\CWC_CC2650_154Drv.d" "wireless\CWC_IntegrTest.d" "wireless\ERRORS.d" "wireless\comm_lib.d" 
RMDIR /S/Q  "configPkg\" 
M„„ritetty„ tiedostoa ei l”ydy.
Could Not Find C:\Users\tomi_\workspace_v10\empty_CC2650STK_TI\Debug\CC2650STK.obj
Could Not Find C:\Users\tomi_\workspace_v10\empty_CC2650STK_TI\Debug\sensors\bmp280.obj
Could Not Find C:\Users\tomi_\workspace_v10\empty_CC2650STK_TI\Debug\wireless\CWC_CC2650_154Drv.obj
Could Not Find C:\Users\tomi_\workspace_v10\empty_CC2650STK_TI\Debug\CC2650STK.d
Could Not Find C:\Users\tomi_\workspace_v10\empty_CC2650STK_TI\Debug\sensors\bmp280.d
Could Not Find C:\Users\tomi_\workspace_v10\empty_CC2650STK_TI\Debug\wireless\CWC_CC2650_154Drv.d
M„„ritetty„ tiedostoa ei l”ydy.
Finished clean
 

**** Build Finished ****

**** Build of configuration Debug for project empty_CC2650STK_TI ****

"C:\\ti\\ccs1040\\ccs\\utils\\bin\\gmake" -k -j 8 all -O 
 
Building file: "../empty.cfg"
Invoking: XDCtools
"C:/ti/xdctools_3_32_00_06_core/xs" --xdcpath="C:/ti/tirtos_cc13xx_cc26xx_2_21_00_06/packages;C:/ti/tirtos_cc13xx_cc26xx_2_21_00_06/products/tidrivers_cc13xx_cc26xx_2_21_00_04/packages;C:/ti/tirtos_cc13xx_cc26xx_2_21_00_06/products/bios_6_46_01_37/packages;C:/ti/tirtos_cc13xx_cc26xx_2_21_00_06/products/uia_2_01_00_01/packages;" xdc.tools.configuro -o configPkg -t ti.targets.arm.elf.M3 -p ti.platforms.simplelink:CC2650F128 -r release -c "C:/ti/ccs1040/ccs/tools/compiler/ti-cgt-arm_20.2.5.LTS" --compileOptions "-mv7M3 --code_state=16 --float_support=none -me --include_path=\"C:/Users/tomi_/workspace_v10/empty_CC2650STK_TI\" --include_path=\"C:/Users/tomi_/workspace_v10/empty_CC2650STK_TI\" --include_path=\"C:/ti/tirtos_cc13xx_cc26xx_2_21_00_06/products/cc26xxware_2_24_03_17272\" --include_path=\"C:/ti/ccs1040/ccs/tools/compiler/ti-cgt-arm_20.2.5.LTS/include\" --define=ccs -g --diag_warning=225 --diag_warning=255 --diag_wrap=off --display_error_number --gen_func_subsections=on --abi=eabi  " "../empty.cfg"
making package.mak (because of package.bld) ...
generating interfaces for package configPkg (because package/package.xdc.inc is older than package.xdc) ...
configuring empty.xem3 from package/cfg/empty_pem3.cfg ...
generating custom ROM library makefile ... 
Starting build of library sources ...
making C:/Users/tomi_/workspace_v10/empty_CC2650STK_TI/src/sysbios/rom_sysbios.aem3 ...
gmake[1]: Entering directory `C:/Users/tomi_/workspace_v10/empty_CC2650STK_TI/src/sysbios'
clem3 C:/ti/tirtos_cc13xx_cc26xx_2_21_00_06/products/bios_6_46_01_37/packages/ti/sysbios/BIOS.c ...
asmem3 C:/ti/tirtos_cc13xx_cc26xx_2_21_00_06/products/bios_6_46_01_37/packages/ti/sysbios/family/arm/m3/Hwi_asm.sv7M ...
asmem3 C:/ti/tirtos_cc13xx_cc26xx_2_21_00_06/products/bios_6_46_01_37/packages/ti/sysbios/family/arm/m3/Hwi_asm_switch.sv7M ...
asmem3 C:/ti/tirtos_cc13xx_cc26xx_2_21_00_06/products/bios_6_46_01_37/packages/ti/sysbios/family/arm/m3/IntrinsicsSupport_asm.sv7M ...
asmem3 C:/ti/tirtos_cc13xx_cc26xx_2_21_00_06/products/bios_6_46_01_37/packages/ti/sysbios/family/arm/m3/TaskSupport_asm.sv7M ...
arem3 rom_sysbios.obj m3_Hwi_asm.obj m3_Hwi_asm_switch.obj m3_IntrinsicsSupport_asm.obj m3_TaskSupport_asm.obj ...
gmake[1]: Leaving directory `C:/Users/tomi_/workspace_v10/empty_CC2650STK_TI/src/sysbios'
Build of libraries done.
clem3 package/cfg/empty_pem3.c ...
"package/cfg/empty_pem3.c", line 7971: warning #112-D: statement is unreachable
Finished building: "../empty.cfg"
 
        1 file(s) copied.
making ../src/sysbios/rom_sysbios.aem3 ...
gmake[1]: Nothing to be done for 'all'.
Building file: "../ccfg.c"
Invoking: Arm Compiler
"C:/ti/ccs1040/ccs/tools/compiler/ti-cgt-arm_20.2.5.LTS/bin/armcl" -mv7M3 --code_state=16 --float_support=none -me --include_path="C:/Users/tomi_/workspace_v10/empty_CC2650STK_TI" --include_path="C:/Users/tomi_/workspace_v10/empty_CC2650STK_TI" --include_path="C:/ti/tirtos_cc13xx_cc26xx_2_21_00_06/products/cc26xxware_2_24_03_17272" --include_path="C:/ti/ccs1040/ccs/tools/compiler/ti-cgt-arm_20.2.5.LTS/include" --define=ccs -g --diag_warning=225 --diag_warning=255 --diag_wrap=off --display_error_number --gen_func_subsections=on --abi=eabi --preproc_with_compile --preproc_dependency="ccfg.d_raw" --cmd_file="configPkg/compiler.opt"  "../ccfg.c"
Finished building: "../ccfg.c"
 
Building file: "../sensors/opt3001.c"
Invoking: Arm Compiler
"C:/ti/ccs1040/ccs/tools/compiler/ti-cgt-arm_20.2.5.LTS/bin/armcl" -mv7M3 --code_state=16 --float_support=none -me --include_path="C:/Users/tomi_/workspace_v10/empty_CC2650STK_TI" --include_path="C:/Users/tomi_/workspace_v10/empty_CC2650STK_TI" --include_path="C:/ti/tirtos_cc13xx_cc26xx_2_21_00_06/products/cc26xxware_2_24_03_17272" --include_path="C:/ti/ccs1040/ccs/tools/compiler/ti-cgt-arm_20.2.5.LTS/include" --define=ccs -g --diag_warning=225 --diag_warning=255 --diag_wrap=off --display_error_number --gen_func_subsections=on --abi=eabi --preproc_with_compile --preproc_dependency="sensors/opt3001.d_raw" --obj_directory="sensors" --cmd_file="configPkg/compiler.opt"  "../sensors/opt3001.c"
 
>> Compilation failure
sensors/subdir_rules.mk:9: recipe for target 'sensors/opt3001.obj' failed
"../sensors/opt3001.c", line 80: error #31: expression must have integral type
"../sensors/opt3001.c", line 81: error #31: expression must have integral type
"../sensors/opt3001.c", line 75: warning #179-D: variable "maskiE" was declared but never referenced
"../sensors/opt3001.c", line 75: warning #179-D: variable "maskiR" was declared but never referenced
"../sensors/opt3001.c", line 84: warning #179-D: variable "txBuffer" was declared but never referenced
"../sensors/opt3001.c", line 85: warning #179-D: variable "rxBuffer" was declared but never referenced
2 errors detected in the compilation of "../sensors/opt3001.c".
gmake: *** [sensors/opt3001.obj] Error 1
Building file: "../sensors/tmp007.c"
Invoking: Arm Compiler
"C:/ti/ccs1040/ccs/tools/compiler/ti-cgt-arm_20.2.5.LTS/bin/armcl" -mv7M3 --code_state=16 --float_support=none -me --include_path="C:/Users/tomi_/workspace_v10/empty_CC2650STK_TI" --include_path="C:/Users/tomi_/workspace_v10/empty_CC2650STK_TI" --include_path="C:/ti/tirtos_cc13xx_cc26xx_2_21_00_06/products/cc26xxware_2_24_03_17272" --include_path="C:/ti/ccs1040/ccs/tools/compiler/ti-cgt-arm_20.2.5.LTS/include" --define=ccs -g --diag_warning=225 --diag_warning=255 --diag_wrap=off --display_error_number --gen_func_subsections=on --abi=eabi --preproc_with_compile --preproc_dependency="sensors/tmp007.d_raw" --obj_directory="sensors" --cmd_file="configPkg/compiler.opt"  "../sensors/tmp007.c"
Finished building: "../sensors/tmp007.c"
 
Building file: "../sensors/bmp280.c"
Invoking: Arm Compiler
"C:/ti/ccs1040/ccs/tools/compiler/ti-cgt-arm_20.2.5.LTS/bin/armcl" -mv7M3 --code_state=16 --float_support=none -me --include_path="C:/Users/tomi_/workspace_v10/empty_CC2650STK_TI" --include_path="C:/Users/tomi_/workspace_v10/empty_CC2650STK_TI" --include_path="C:/ti/tirtos_cc13xx_cc26xx_2_21_00_06/products/cc26xxware_2_24_03_17272" --include_path="C:/ti/ccs1040/ccs/tools/compiler/ti-cgt-arm_20.2.5.LTS/include" --define=ccs -g --diag_warning=225 --diag_warning=255 --diag_wrap=off --display_error_number --gen_func_subsections=on --abi=eabi --preproc_with_compile --preproc_dependency="sensors/bmp280.d_raw" --obj_directory="sensors" --cmd_file="configPkg/compiler.opt"  "../sensors/bmp280.c"
Finished building: "../sensors/bmp280.c"
 
Building file: "../sensors/hdc1000.c"
Invoking: Arm Compiler
"C:/ti/ccs1040/ccs/tools/compiler/ti-cgt-arm_20.2.5.LTS/bin/armcl" -mv7M3 --code_state=16 --float_support=none -me --include_path="C:/Users/tomi_/workspace_v10/empty_CC2650STK_TI" --include_path="C:/Users/tomi_/workspace_v10/empty_CC2650STK_TI" --include_path="C:/ti/tirtos_cc13xx_cc26xx_2_21_00_06/products/cc26xxware_2_24_03_17272" --include_path="C:/ti/ccs1040/ccs/tools/compiler/ti-cgt-arm_20.2.5.LTS/include" --define=ccs -g --diag_warning=225 --diag_warning=255 --diag_wrap=off --display_error_number --gen_func_subsections=on --abi=eabi --preproc_with_compile --preproc_dependency="sensors/hdc1000.d_raw" --obj_directory="sensors" --cmd_file="configPkg/compiler.opt"  "../sensors/hdc1000.c"
Finished building: "../sensors/hdc1000.c"
 
Building file: "../wireless/CWC_IntegrTest.c"
Invoking: Arm Compiler
"C:/ti/ccs1040/ccs/tools/compiler/ti-cgt-arm_20.2.5.LTS/bin/armcl" -mv7M3 --code_state=16 --float_support=none -me --include_path="C:/Users/tomi_/workspace_v10/empty_CC2650STK_TI" --include_path="C:/Users/tomi_/workspace_v10/empty_CC2650STK_TI" --include_path="C:/ti/tirtos_cc13xx_cc26xx_2_21_00_06/products/cc26xxware_2_24_03_17272" --include_path="C:/ti/ccs1040/ccs/tools/compiler/ti-cgt-arm_20.2.5.LTS/include" --define=ccs -g --diag_warning=225 --diag_warning=255 --diag_wrap=off --display_error_number --gen_func_subsections=on --abi=eabi --preproc_with_compile --preproc_dependency="wireless/CWC_IntegrTest.d_raw" --obj_directory="wireless" --cmd_file="configPkg/compiler.opt"  "../wireless/CWC_IntegrTest.c"
"../wireless/CWC_IntegrTest.c", line 59: warning #112-D: statement is unreachable
Finished building: "../wireless/CWC_IntegrTest.c"
 
Building file: "../wireless/ERRORS.c"
Invoking: Arm Compiler
"C:/ti/ccs1040/ccs/tools/compiler/ti-cgt-arm_20.2.5.LTS/bin/armcl" -mv7M3 --code_state=16 --float_support=none -me --include_path="C:/Users/tomi_/workspace_v10/empty_CC2650STK_TI" --include_path="C:/Users/tomi_/workspace_v10/empty_CC2650STK_TI" --include_path="C:/ti/tirtos_cc13xx_cc26xx_2_21_00_06/products/cc26xxware_2_24_03_17272" --include_path="C:/ti/ccs1040/ccs/tools/compiler/ti-cgt-arm_20.2.5.LTS/include" --define=ccs -g --diag_warning=225 --diag_warning=255 --diag_wrap=off --display_error_number --gen_func_subsections=on --abi=eabi --preproc_with_compile --preproc_dependency="wireless/ERRORS.d_raw" --obj_directory="wireless" --cmd_file="configPkg/compiler.opt"  "../wireless/ERRORS.c"
Finished building: "../wireless/ERRORS.c"
 
Building file: "../project_main.c"
Invoking: Arm Compiler
"C:/ti/ccs1040/ccs/tools/compiler/ti-cgt-arm_20.2.5.LTS/bin/armcl" -mv7M3 --code_state=16 --float_support=none -me --include_path="C:/Users/tomi_/workspace_v10/empty_CC2650STK_TI" --include_path="C:/Users/tomi_/workspace_v10/empty_CC2650STK_TI" --include_path="C:/ti/tirtos_cc13xx_cc26xx_2_21_00_06/products/cc26xxware_2_24_03_17272" --include_path="C:/ti/ccs1040/ccs/tools/compiler/ti-cgt-arm_20.2.5.LTS/include" --define=ccs -g --diag_warning=225 --diag_warning=255 --diag_wrap=off --display_error_number --gen_func_subsections=on --abi=eabi --preproc_with_compile --preproc_dependency="project_main.d_raw" --cmd_file="configPkg/compiler.opt"  "../project_main.c"
"../project_main.c", line 109: warning #179-D: variable "i2cMessage" was declared but never referenced
"../project_main.c", line 170: warning #225-D: function "Init6LoWPAN" declared implicitly
Finished building: "../project_main.c"
 
Building file: "../wireless/CWC_CC2650_154Drv.c"
Invoking: Arm Compiler
"C:/ti/ccs1040/ccs/tools/compiler/ti-cgt-arm_20.2.5.LTS/bin/armcl" -mv7M3 --code_state=16 --float_support=none -me --include_path="C:/Users/tomi_/workspace_v10/empty_CC2650STK_TI" --include_path="C:/Users/tomi_/workspace_v10/empty_CC2650STK_TI" --include_path="C:/ti/tirtos_cc13xx_cc26xx_2_21_00_06/products/cc26xxware_2_24_03_17272" --include_path="C:/ti/ccs1040/ccs/tools/compiler/ti-cgt-arm_20.2.5.LTS/include" --define=ccs -g --diag_warning=225 --diag_warning=255 --diag_wrap=off --display_error_number --gen_func_subsections=on --abi=eabi --preproc_with_compile --preproc_dependency="wireless/CWC_CC2650_154Drv.d_raw" --obj_directory="wireless" --cmd_file="configPkg/compiler.opt"  "../wireless/CWC_CC2650_154Drv.c"
"../wireless/CWC_CC2650_154Drv.c", line 439: warning #515-D: a value of type "CWC_CC2650_IEEE154_simple_packet_struct_t *" cannot be assigned to an entity of type "uint8_t *"
"../wireless/CWC_CC2650_154Drv.c", line 447: warning #112-D: statement is unreachable
"../wireless/CWC_CC2650_154Drv.c", line 451: warning #112-D: statement is unreachable
Finished building: "../wireless/CWC_CC2650_154Drv.c"
 
Building file: "../CC2650STK.c"
Invoking: Arm Compiler
"C:/ti/ccs1040/ccs/tools/compiler/ti-cgt-arm_20.2.5.LTS/bin/armcl" -mv7M3 --code_state=16 --float_support=none -me --include_path="C:/Users/tomi_/workspace_v10/empty_CC2650STK_TI" --include_path="C:/Users/tomi_/workspace_v10/empty_CC2650STK_TI" --include_path="C:/ti/tirtos_cc13xx_cc26xx_2_21_00_06/products/cc26xxware_2_24_03_17272" --include_path="C:/ti/ccs1040/ccs/tools/compiler/ti-cgt-arm_20.2.5.LTS/include" --define=ccs -g --diag_warning=225 --diag_warning=255 --diag_wrap=off --display_error_number --gen_func_subsections=on --abi=eabi --preproc_with_compile --preproc_dependency="CC2650STK.d_raw" --cmd_file="configPkg/compiler.opt"  "../CC2650STK.c"
Finished building: "../CC2650STK.c"
 
Building file: "../sensors/mpu9250.c"
Invoking: Arm Compiler
"C:/ti/ccs1040/ccs/tools/compiler/ti-cgt-arm_20.2.5.LTS/bin/armcl" -mv7M3 --code_state=16 --float_support=none -me --include_path="C:/Users/tomi_/workspace_v10/empty_CC2650STK_TI" --include_path="C:/Users/tomi_/workspace_v10/empty_CC2650STK_TI" --include_path="C:/ti/tirtos_cc13xx_cc26xx_2_21_00_06/products/cc26xxware_2_24_03_17272" --include_path="C:/ti/ccs1040/ccs/tools/compiler/ti-cgt-arm_20.2.5.LTS/include" --define=ccs -g --diag_warning=225 --diag_warning=255 --diag_wrap=off --display_error_number --gen_func_subsections=on --abi=eabi --preproc_with_compile --preproc_dependency="sensors/mpu9250.d_raw" --obj_directory="sensors" --cmd_file="configPkg/compiler.opt"  "../sensors/mpu9250.c"
Finished building: "../sensors/mpu9250.c"
 
Building file: "../wireless/comm_lib.c"
Invoking: Arm Compiler
"C:/ti/ccs1040/ccs/tools/compiler/ti-cgt-arm_20.2.5.LTS/bin/armcl" -mv7M3 --code_state=16 --float_support=none -me --include_path="C:/Users/tomi_/workspace_v10/empty_CC2650STK_TI" --include_path="C:/Users/tomi_/workspace_v10/empty_CC2650STK_TI" --include_path="C:/ti/tirtos_cc13xx_cc26xx_2_21_00_06/products/cc26xxware_2_24_03_17272" --include_path="C:/ti/ccs1040/ccs/tools/compiler/ti-cgt-arm_20.2.5.LTS/include" --define=ccs -g --diag_warning=225 --diag_warning=255 --diag_wrap=off --display_error_number --gen_func_subsections=on --abi=eabi --preproc_with_compile --preproc_dependency="wireless/comm_lib.d_raw" --obj_directory="wireless" --cmd_file="configPkg/compiler.opt"  "../wireless/comm_lib.c"
"../wireless/comm_lib.c", line 141: warning #169-D: argument of type "volatile uint8_t *" is incompatible with parameter of type "uint8_t *"
"../wireless/comm_lib.c", line 150: warning #515-D: a value of type "uint8_t *" cannot be assigned to an entity of type "int8_t"
"../wireless/comm_lib.c", line 158: warning #515-D: a value of type "void *" cannot be assigned to an entity of type "int32_t"
"../wireless/comm_lib.c", line 161: warning #169-D: argument of type "volatile uint8_t *" is incompatible with parameter of type "uint8_t *"
"../wireless/comm_lib.c", line 195: warning #515-D: a value of type "uint8_t *" cannot be assigned to an entity of type "rfc_dataEntryGeneral_t *"
"../wireless/comm_lib.c", line 196: warning #515-D: a value of type "uint8_t *" cannot be assigned to an entity of type "rfc_dataEntryGeneral_t *"
"../wireless/comm_lib.c", line 197: warning #169-D: argument of type "rfc_dataEntryGeneral_t *" is incompatible with parameter of type "uint8_t *"
"../wireless/comm_lib.c", line 199: warning #515-D: a value of type "rfc_dataEntryGeneral_t *" cannot be assigned to an entity of type "volatile uint8_t *"
"../wireless/comm_lib.c", line 210: warning #515-D: a value of type "uint8_t *" cannot be assigned to an entity of type "rfc_dataEntryGeneral_t *"
"../wireless/comm_lib.c", line 211: warning #515-D: a value of type "uint8_t *" cannot be assigned to an entity of type "rfc_dataEntryGeneral_t *"
"../wireless/comm_lib.c", line 212: warning #169-D: argument of type "rfc_dataEntryGeneral_t *" is incompatible with parameter of type "uint8_t *"
"../wireless/comm_lib.c", line 214: warning #515-D: a value of type "rfc_dataEntryGeneral_t *" cannot be assigned to an entity of type "volatile uint8_t *"
"../wireless/comm_lib.c", line 246: warning #515-D: a value of type "uint8_t *" cannot be assigned to an entity of type "CWC_CC2650_IEEE154_simple_packet_struct_t *"
"../wireless/comm_lib.c", line 248: warning #515-D: a value of type "uint8_t *" cannot be assigned to an entity of type "uint16_t *"
"../wireless/comm_lib.c", line 275: warning #515-D: a value of type "uint8_t *" cannot be assigned to an entity of type "rfc_dataEntryGeneral_t *"
Finished building: "../wireless/comm_lib.c"
 
gmake: Target 'all' not remade because of errors.

**** Build Finished ****

**** Build of configuration Debug for project empty_CC2650STK_TI ****

"C:\\ti\\ccs1040\\ccs\\utils\\bin\\gmake" -k -j 8 all -O 
 
making ../src/sysbios/rom_sysbios.aem3 ...
gmake[1]: Nothing to be done for 'all'.
Building file: "../sensors/opt3001.c"
Invoking: Arm Compiler
"C:/ti/ccs1040/ccs/tools/compiler/ti-cgt-arm_20.2.5.LTS/bin/armcl" -mv7M3 --code_state=16 --float_support=none -me --include_path="C:/Users/tomi_/workspace_v10/empty_CC2650STK_TI" --include_path="C:/Users/tomi_/workspace_v10/empty_CC2650STK_TI" --include_path="C:/ti/tirtos_cc13xx_cc26xx_2_21_00_06/products/cc26xxware_2_24_03_17272" --include_path="C:/ti/ccs1040/ccs/tools/compiler/ti-cgt-arm_20.2.5.LTS/include" --define=ccs -g --diag_warning=225 --diag_warning=255 --diag_wrap=off --display_error_number --gen_func_subsections=on --abi=eabi --preproc_with_compile --preproc_dependency="sensors/opt3001.d_raw" --obj_directory="sensors" --cmd_file="configPkg/compiler.opt"  "../sensors/opt3001.c"
 
>> Compilation failure
sensors/subdir_rules.mk:9: recipe for target 'sensors/opt3001.obj' failed
"../sensors/opt3001.c", line 80: error #31: expression must have integral type
"../sensors/opt3001.c", line 81: error #31: expression must have integral type
"../sensors/opt3001.c", line 75: warning #179-D: variable "maskiE" was declared but never referenced
"../sensors/opt3001.c", line 75: warning #179-D: variable "maskiR" was declared but never referenced
"../sensors/opt3001.c", line 84: warning #179-D: variable "txBuffer" was declared but never referenced
"../sensors/opt3001.c", line 85: warning #179-D: variable "rxBuffer" was declared but never referenced
2 errors detected in the compilation of "../sensors/opt3001.c".
gmake: *** [sensors/opt3001.obj] Error 1
gmake: Target 'all' not remade because of errors.

**** Build Finished ****

**** Build of configuration Debug for project empty_CC2650STK_TI ****

"C:\\ti\\ccs1040\\ccs\\utils\\bin\\gmake" -k -j 8 all -O 
 
making ../src/sysbios/rom_sysbios.aem3 ...
gmake[1]: Nothing to be done for 'all'.
Building file: "../sensors/opt3001.c"
Invoking: Arm Compiler
"C:/ti/ccs1040/ccs/tools/compiler/ti-cgt-arm_20.2.5.LTS/bin/armcl" -mv7M3 --code_state=16 --float_support=none -me --include_path="C:/Users/tomi_/workspace_v10/empty_CC2650STK_TI" --include_path="C:/Users/tomi_/workspace_v10/empty_CC2650STK_TI" --include_path="C:/ti/tirtos_cc13xx_cc26xx_2_21_00_06/products/cc26xxware_2_24_03_17272" --include_path="C:/ti/ccs1040/ccs/tools/compiler/ti-cgt-arm_20.2.5.LTS/include" --define=ccs -g --diag_warning=225 --diag_warning=255 --diag_wrap=off --display_error_number --gen_func_subsections=on --abi=eabi --preproc_with_compile --preproc_dependency="sensors/opt3001.d_raw" --obj_directory="sensors" --cmd_file="configPkg/compiler.opt"  "../sensors/opt3001.c"
 
>> Compilation failure
sensors/subdir_rules.mk:9: recipe for target 'sensors/opt3001.obj' failed
"../sensors/opt3001.c", line 80: error #31: expression must have integral type
"../sensors/opt3001.c", line 81: error #31: expression must have integral type
"../sensors/opt3001.c", line 75: warning #179-D: variable "maskiE" was declared but never referenced
"../sensors/opt3001.c", line 75: warning #179-D: variable "maskiR" was declared but never referenced
"../sensors/opt3001.c", line 84: warning #179-D: variable "txBuffer" was declared but never referenced
"../sensors/opt3001.c", line 85: warning #179-D: variable "rxBuffer" was declared but never referenced
2 errors detected in the compilation of "../sensors/opt3001.c".
gmake: *** [sensors/opt3001.obj] Error 1
gmake: Target 'all' not remade because of errors.

**** Build Finished ****

**** Build of configuration Debug for project empty_CC2650STK_TI ****

"C:\\ti\\ccs1040\\ccs\\utils\\bin\\gmake" -k -j 8 all -O 
 
making ../src/sysbios/rom_sysbios.aem3 ...
gmake[1]: Nothing to be done for 'all'.
Building file: "../sensors/opt3001.c"
Invoking: Arm Compiler
"C:/ti/ccs1040/ccs/tools/compiler/ti-cgt-arm_20.2.5.LTS/bin/armcl" -mv7M3 --code_state=16 --float_support=none -me --include_path="C:/Users/tomi_/workspace_v10/empty_CC2650STK_TI" --include_path="C:/Users/tomi_/workspace_v10/empty_CC2650STK_TI" --include_path="C:/ti/tirtos_cc13xx_cc26xx_2_21_00_06/products/cc26xxware_2_24_03_17272" --include_path="C:/ti/ccs1040/ccs/tools/compiler/ti-cgt-arm_20.2.5.LTS/include" --define=ccs -g --diag_warning=225 --diag_warning=255 --diag_wrap=off --display_error_number --gen_func_subsections=on --abi=eabi --preproc_with_compile --preproc_dependency="sensors/opt3001.d_raw" --obj_directory="sensors" --cmd_file="configPkg/compiler.opt"  "../sensors/opt3001.c"
 
>> Compilation failure
sensors/subdir_rules.mk:9: recipe for target 'sensors/opt3001.obj' failed
"../sensors/opt3001.c", line 80: error #31: expression must have integral type
"../sensors/opt3001.c", line 81: error #31: expression must have integral type
"../sensors/opt3001.c", line 75: warning #179-D: variable "maskiE" was declared but never referenced
"../sensors/opt3001.c", line 75: warning #179-D: variable "maskiR" was declared but never referenced
"../sensors/opt3001.c", line 84: warning #179-D: variable "txBuffer" was declared but never referenced
"../sensors/opt3001.c", line 85: warning #179-D: variable "rxBuffer" was declared but never referenced
2 errors detected in the compilation of "../sensors/opt3001.c".
gmake: *** [sensors/opt3001.obj] Error 1
gmake: Target 'all' not remade because of errors.

**** Build Finished ****
